{"/Users/reidar/Projectos/RFMS/shared/src/index.ts": {"path":"/Users/reidar/Projectos/RFMS/shared/src/index.ts","statementMap":{},"fnMap":{},"branchMap":{},"s":{},"f":{},"b":{},"meta":{"lastBranch":0,"lastFunction":0,"lastStatement":0,"seen":{}}}
,"/Users/reidar/Projectos/RFMS/shared/src/fmc/airFMCData.ts": {"path":"/Users/reidar/Projectos/RFMS/shared/src/fmc/airFMCData.ts","statementMap":{"0":{"start":{"line":10,"column":103},"end":{"line":150,"column":null}},"1":{"start":{"line":156,"column":71},"end":{"line":242,"column":null}},"2":{"start":{"line":248,"column":49},"end":{"line":282,"column":null}},"3":{"start":{"line":288,"column":78},"end":{"line":369,"column":null}},"4":{"start":{"line":376,"column":2},"end":{"line":376,"column":null}},"5":{"start":{"line":380,"column":2},"end":{"line":380,"column":null}},"6":{"start":{"line":384,"column":2},"end":{"line":384,"column":null}},"7":{"start":{"line":388,"column":2},"end":{"line":388,"column":null}}},"fnMap":{"0":{"name":"getAirport","decl":{"start":{"line":375,"column":16},"end":{"line":375,"column":27}},"loc":{"start":{"line":375,"column":41},"end":{"line":376,"column":null}},"line":375},"1":{"name":"getWaypoint","decl":{"start":{"line":379,"column":16},"end":{"line":379,"column":28}},"loc":{"start":{"line":379,"column":43},"end":{"line":380,"column":null}},"line":379},"2":{"name":"getAirway","decl":{"start":{"line":383,"column":16},"end":{"line":383,"column":26}},"loc":{"start":{"line":383,"column":40},"end":{"line":384,"column":null}},"line":383},"3":{"name":"getSidStar","decl":{"start":{"line":387,"column":16},"end":{"line":387,"column":27}},"loc":{"start":{"line":387,"column":41},"end":{"line":388,"column":null}},"line":387}},"branchMap":{},"s":{"0":2,"1":2,"2":2,"3":2,"4":13,"5":1,"6":1,"7":0},"f":{"0":13,"1":1,"2":1,"3":0},"b":{},"meta":{"lastBranch":0,"lastFunction":4,"lastStatement":8,"seen":{"s:10:103:150:Infinity":0,"s:156:71:242:Infinity":1,"s:248:49:282:Infinity":2,"s:288:78:369:Infinity":3,"f:375:16:375:27":0,"s:376:2:376:Infinity":4,"f:379:16:379:28":1,"s:380:2:380:Infinity":5,"f:383:16:383:26":2,"s:384:2:384:Infinity":6,"f:387:16:387:27":3,"s:388:2:388:Infinity":7}}}
,"/Users/reidar/Projectos/RFMS/shared/src/fmc/airbusKeys.ts": {"path":"/Users/reidar/Projectos/RFMS/shared/src/fmc/airbusKeys.ts","statementMap":{"0":{"start":{"line":4,"column":36},"end":{"line":11,"column":null}},"1":{"start":{"line":14,"column":27},"end":{"line":38,"column":null}}},"fnMap":{},"branchMap":{},"s":{"0":1,"1":1},"f":{},"b":{},"meta":{"lastBranch":0,"lastFunction":0,"lastStatement":2,"seen":{"s:4:36:11:Infinity":0,"s:14:27:38:Infinity":1}}}
,"/Users/reidar/Projectos/RFMS/shared/src/fmc/constants.ts": {"path":"/Users/reidar/Projectos/RFMS/shared/src/fmc/constants.ts","statementMap":{"0":{"start":{"line":6,"column":26},"end":{"line":6,"column":null}},"1":{"start":{"line":9,"column":26},"end":{"line":9,"column":null}},"2":{"start":{"line":12,"column":30},"end":{"line":12,"column":null}},"3":{"start":{"line":15,"column":25},"end":{"line":15,"column":null}}},"fnMap":{},"branchMap":{},"s":{"0":2,"1":2,"2":2,"3":2},"f":{},"b":{},"meta":{"lastBranch":0,"lastFunction":0,"lastStatement":4,"seen":{"s:6:26:6:Infinity":0,"s:9:26:9:Infinity":1,"s:12:30:12:Infinity":2,"s:15:25:15:Infinity":3}}}
,"/Users/reidar/Projectos/RFMS/shared/src/fmc/displayColors.ts": {"path":"/Users/reidar/Projectos/RFMS/shared/src/fmc/displayColors.ts","statementMap":{"0":{"start":{"line":20,"column":59},"end":{"line":29,"column":null}},"1":{"start":{"line":31,"column":55},"end":{"line":40,"column":null}},"2":{"start":{"line":42,"column":50},"end":{"line":42,"column":null}},"3":{"start":{"line":43,"column":50},"end":{"line":43,"column":null}},"4":{"start":{"line":46,"column":2},"end":{"line":46,"column":null}},"5":{"start":{"line":50,"column":2},"end":{"line":50,"column":null}},"6":{"start":{"line":54,"column":2},"end":{"line":54,"column":null}}},"fnMap":{"0":{"name":"getColorClass","decl":{"start":{"line":45,"column":16},"end":{"line":45,"column":30}},"loc":{"start":{"line":45,"column":59},"end":{"line":46,"column":null}},"line":45},"1":{"name":"getColorHex","decl":{"start":{"line":49,"column":16},"end":{"line":49,"column":28}},"loc":{"start":{"line":49,"column":57},"end":{"line":50,"column":null}},"line":49},"2":{"name":"isValidColor","decl":{"start":{"line":53,"column":16},"end":{"line":53,"column":29}},"loc":{"start":{"line":53,"column":67},"end":{"line":54,"column":null}},"line":53}},"branchMap":{"0":{"loc":{"start":{"line":46,"column":9},"end":{"line":46,"column":null}},"type":"binary-expr","locations":[{"start":{"line":46,"column":9},"end":{"line":46,"column":33}},{"start":{"line":46,"column":33},"end":{"line":46,"column":null}}],"line":46},"1":{"loc":{"start":{"line":50,"column":9},"end":{"line":50,"column":null}},"type":"binary-expr","locations":[{"start":{"line":50,"column":9},"end":{"line":50,"column":29}},{"start":{"line":50,"column":29},"end":{"line":50,"column":null}}],"line":50}},"s":{"0":1,"1":1,"2":1,"3":1,"4":0,"5":0,"6":0},"f":{"0":0,"1":0,"2":0},"b":{"0":[0,0],"1":[0,0]},"meta":{"lastBranch":2,"lastFunction":3,"lastStatement":7,"seen":{"s:20:59:29:Infinity":0,"s:31:55:40:Infinity":1,"s:42:50:42:Infinity":2,"s:43:50:43:Infinity":3,"f:45:16:45:30":0,"s:46:2:46:Infinity":4,"b:46:9:46:33:46:33:46:Infinity":0,"f:49:16:49:28":1,"s:50:2:50:Infinity":5,"b:50:9:50:29:50:29:50:Infinity":1,"f:53:16:53:29":2,"s:54:2:54:Infinity":6}}}
,"/Users/reidar/Projectos/RFMS/shared/src/fmc/flightPlanParser.ts": {"path":"/Users/reidar/Projectos/RFMS/shared/src/fmc/flightPlanParser.ts","statementMap":{"0":{"start":{"line":15,"column":2},"end":{"line":16,"column":null}},"1":{"start":{"line":16,"column":4},"end":{"line":16,"column":null}},"2":{"start":{"line":19,"column":17},"end":{"line":19,"column":62}},"3":{"start":{"line":20,"column":42},"end":{"line":20,"column":44}},"4":{"start":{"line":21,"column":15},"end":{"line":21,"column":null}},"5":{"start":{"line":22,"column":20},"end":{"line":22,"column":null}},"6":{"start":{"line":24,"column":43},"end":{"line":24,"column":null}},"7":{"start":{"line":26,"column":2},"end":{"line":78,"column":null}},"8":{"start":{"line":26,"column":15},"end":{"line":26,"column":18}},"9":{"start":{"line":27,"column":18},"end":{"line":27,"column":null}},"10":{"start":{"line":30,"column":4},"end":{"line":32,"column":null}},"11":{"start":{"line":31,"column":6},"end":{"line":31,"column":null}},"12":{"start":{"line":32,"column":6},"end":{"line":32,"column":null}},"13":{"start":{"line":36,"column":4},"end":{"line":38,"column":null}},"14":{"start":{"line":37,"column":6},"end":{"line":37,"column":null}},"15":{"start":{"line":38,"column":6},"end":{"line":38,"column":null}},"16":{"start":{"line":42,"column":4},"end":{"line":48,"column":null}},"17":{"start":{"line":43,"column":6},"end":{"line":43,"column":null}},"18":{"start":{"line":44,"column":6},"end":{"line":47,"column":null}},"19":{"start":{"line":48,"column":6},"end":{"line":48,"column":null}},"20":{"start":{"line":52,"column":4},"end":{"line":54,"column":null}},"21":{"start":{"line":53,"column":6},"end":{"line":53,"column":null}},"22":{"start":{"line":54,"column":6},"end":{"line":54,"column":null}},"23":{"start":{"line":58,"column":4},"end":{"line":65,"column":null}},"24":{"start":{"line":59,"column":6},"end":{"line":63,"column":null}},"25":{"start":{"line":64,"column":6},"end":{"line":64,"column":null}},"26":{"start":{"line":65,"column":6},"end":{"line":65,"column":null}},"27":{"start":{"line":69,"column":52},"end":{"line":69,"column":74}},"28":{"start":{"line":71,"column":4},"end":{"line":77,"column":null}},"29":{"start":{"line":78,"column":4},"end":{"line":78,"column":null}},"30":{"start":{"line":81,"column":2},"end":{"line":81,"column":null}},"31":{"start":{"line":87,"column":2},"end":{"line":87,"column":null}},"32":{"start":{"line":87,"column":44},"end":{"line":87,"column":null}},"33":{"start":{"line":88,"column":2},"end":{"line":88,"column":null}},"34":{"start":{"line":94,"column":2},"end":{"line":94,"column":null}},"35":{"start":{"line":94,"column":24},"end":{"line":94,"column":null}},"36":{"start":{"line":95,"column":2},"end":{"line":95,"column":null}},"37":{"start":{"line":95,"column":32},"end":{"line":95,"column":null}},"38":{"start":{"line":96,"column":2},"end":{"line":96,"column":null}},"39":{"start":{"line":96,"column":32},"end":{"line":96,"column":null}},"40":{"start":{"line":97,"column":2},"end":{"line":97,"column":null}},"41":{"start":{"line":108,"column":19},"end":{"line":108,"column":37}},"42":{"start":{"line":109,"column":2},"end":{"line":109,"column":null}},"43":{"start":{"line":109,"column":23},"end":{"line":109,"column":null}},"44":{"start":{"line":111,"column":16},"end":{"line":111,"column":44}},"45":{"start":{"line":112,"column":21},"end":{"line":112,"column":50}},"46":{"start":{"line":118,"column":21},"end":{"line":118,"column":51}},"47":{"start":{"line":119,"column":2},"end":{"line":120,"column":null}},"48":{"start":{"line":120,"column":4},"end":{"line":120,"column":null}},"49":{"start":{"line":124,"column":19},"end":{"line":124,"column":50}},"50":{"start":{"line":125,"column":2},"end":{"line":130,"column":null}},"51":{"start":{"line":126,"column":4},"end":{"line":126,"column":null}},"52":{"start":{"line":128,"column":19},"end":{"line":128,"column":48}},"53":{"start":{"line":129,"column":4},"end":{"line":130,"column":null}},"54":{"start":{"line":130,"column":6},"end":{"line":130,"column":null}},"55":{"start":{"line":135,"column":2},"end":{"line":136,"column":null}},"56":{"start":{"line":136,"column":4},"end":{"line":136,"column":null}},"57":{"start":{"line":136,"column":23},"end":{"line":136,"column":null}},"58":{"start":{"line":138,"column":2},"end":{"line":139,"column":null}},"59":{"start":{"line":139,"column":4},"end":{"line":139,"column":null}},"60":{"start":{"line":139,"column":23},"end":{"line":139,"column":null}},"61":{"start":{"line":142,"column":2},"end":{"line":142,"column":null}},"62":{"start":{"line":152,"column":12},"end":{"line":152,"column":null}},"63":{"start":{"line":153,"column":15},"end":{"line":153,"column":33}},"64":{"start":{"line":154,"column":15},"end":{"line":154,"column":33}},"65":{"start":{"line":155,"column":12},"end":{"line":156,"column":null}},"66":{"start":{"line":157,"column":12},"end":{"line":157,"column":58}},"67":{"start":{"line":158,"column":2},"end":{"line":158,"column":null}},"68":{"start":{"line":162,"column":2},"end":{"line":162,"column":null}}},"fnMap":{"0":{"name":"parseRouteString","decl":{"start":{"line":14,"column":16},"end":{"line":14,"column":33}},"loc":{"start":{"line":14,"column":128},"end":{"line":81,"column":null}},"line":14},"1":{"name":"isAirway","decl":{"start":{"line":84,"column":9},"end":{"line":84,"column":18}},"loc":{"start":{"line":84,"column":42},"end":{"line":88,"column":null}},"line":84},"2":{"name":"isProcedure","decl":{"start":{"line":91,"column":9},"end":{"line":91,"column":21}},"loc":{"start":{"line":91,"column":45},"end":{"line":97,"column":null}},"line":91},"3":{"name":"parseConstraint","decl":{"start":{"line":106,"column":9},"end":{"line":106,"column":25}},"loc":{"start":{"line":106,"column":58},"end":{"line":142,"column":null}},"line":106},"4":{"name":"greatCircleDistance","decl":{"start":{"line":148,"column":16},"end":{"line":148,"column":null}},"loc":{"start":{"line":151,"column":10},"end":{"line":158,"column":null}},"line":151},"5":{"name":"toRad","decl":{"start":{"line":161,"column":9},"end":{"line":161,"column":15}},"loc":{"start":{"line":161,"column":36},"end":{"line":162,"column":null}},"line":161}},"branchMap":{"0":{"loc":{"start":{"line":15,"column":2},"end":{"line":16,"column":null}},"type":"if","locations":[{"start":{"line":15,"column":2},"end":{"line":16,"column":null}},{"start":{},"end":{}}],"line":15},"1":{"loc":{"start":{"line":30,"column":4},"end":{"line":32,"column":null}},"type":"if","locations":[{"start":{"line":30,"column":4},"end":{"line":32,"column":null}},{"start":{},"end":{}}],"line":30},"2":{"loc":{"start":{"line":36,"column":4},"end":{"line":38,"column":null}},"type":"if","locations":[{"start":{"line":36,"column":4},"end":{"line":38,"column":null}},{"start":{},"end":{}}],"line":36},"3":{"loc":{"start":{"line":36,"column":8},"end":{"line":36,"column":58}},"type":"binary-expr","locations":[{"start":{"line":36,"column":8},"end":{"line":36,"column":19}},{"start":{"line":36,"column":19},"end":{"line":36,"column":41}},{"start":{"line":36,"column":41},"end":{"line":36,"column":58}}],"line":36},"4":{"loc":{"start":{"line":42,"column":4},"end":{"line":48,"column":null}},"type":"if","locations":[{"start":{"line":42,"column":4},"end":{"line":48,"column":null}},{"start":{},"end":{}}],"line":42},"5":{"loc":{"start":{"line":42,"column":8},"end":{"line":42,"column":74}},"type":"binary-expr","locations":[{"start":{"line":42,"column":8},"end":{"line":42,"column":35}},{"start":{"line":42,"column":35},"end":{"line":42,"column":57}},{"start":{"line":42,"column":57},"end":{"line":42,"column":74}}],"line":42},"6":{"loc":{"start":{"line":52,"column":4},"end":{"line":54,"column":null}},"type":"if","locations":[{"start":{"line":52,"column":4},"end":{"line":54,"column":null}},{"start":{},"end":{}}],"line":52},"7":{"loc":{"start":{"line":58,"column":4},"end":{"line":65,"column":null}},"type":"if","locations":[{"start":{"line":58,"column":4},"end":{"line":65,"column":null}},{"start":{},"end":{}}],"line":58},"8":{"loc":{"start":{"line":87,"column":2},"end":{"line":87,"column":null}},"type":"if","locations":[{"start":{"line":87,"column":2},"end":{"line":87,"column":null}},{"start":{},"end":{}}],"line":87},"9":{"loc":{"start":{"line":87,"column":6},"end":{"line":87,"column":44}},"type":"binary-expr","locations":[{"start":{"line":87,"column":6},"end":{"line":87,"column":26}},{"start":{"line":87,"column":26},"end":{"line":87,"column":44}}],"line":87},"10":{"loc":{"start":{"line":88,"column":9},"end":{"line":88,"column":null}},"type":"binary-expr","locations":[{"start":{"line":88,"column":9},"end":{"line":88,"column":34}},{"start":{"line":88,"column":38},"end":{"line":88,"column":null}}],"line":88},"11":{"loc":{"start":{"line":94,"column":2},"end":{"line":94,"column":null}},"type":"if","locations":[{"start":{"line":94,"column":2},"end":{"line":94,"column":null}},{"start":{},"end":{}}],"line":94},"12":{"loc":{"start":{"line":95,"column":2},"end":{"line":95,"column":null}},"type":"if","locations":[{"start":{"line":95,"column":2},"end":{"line":95,"column":null}},{"start":{},"end":{}}],"line":95},"13":{"loc":{"start":{"line":96,"column":2},"end":{"line":96,"column":null}},"type":"if","locations":[{"start":{"line":96,"column":2},"end":{"line":96,"column":null}},{"start":{},"end":{}}],"line":96},"14":{"loc":{"start":{"line":109,"column":2},"end":{"line":109,"column":null}},"type":"if","locations":[{"start":{"line":109,"column":2},"end":{"line":109,"column":null}},{"start":{},"end":{}}],"line":109},"15":{"loc":{"start":{"line":119,"column":2},"end":{"line":120,"column":null}},"type":"if","locations":[{"start":{"line":119,"column":2},"end":{"line":120,"column":null}},{"start":{},"end":{}}],"line":119},"16":{"loc":{"start":{"line":125,"column":2},"end":{"line":130,"column":null}},"type":"if","locations":[{"start":{"line":125,"column":2},"end":{"line":130,"column":null}},{"start":{"line":127,"column":9},"end":{"line":130,"column":null}}],"line":125},"17":{"loc":{"start":{"line":129,"column":4},"end":{"line":130,"column":null}},"type":"if","locations":[{"start":{"line":129,"column":4},"end":{"line":130,"column":null}},{"start":{},"end":{}}],"line":129},"18":{"loc":{"start":{"line":135,"column":2},"end":{"line":136,"column":null}},"type":"if","locations":[{"start":{"line":135,"column":2},"end":{"line":136,"column":null}},{"start":{},"end":{}}],"line":135},"19":{"loc":{"start":{"line":135,"column":6},"end":{"line":135,"column":60}},"type":"binary-expr","locations":[{"start":{"line":135,"column":6},"end":{"line":135,"column":30}},{"start":{"line":135,"column":34},"end":{"line":135,"column":60}}],"line":135},"20":{"loc":{"start":{"line":136,"column":4},"end":{"line":136,"column":null}},"type":"if","locations":[{"start":{"line":136,"column":4},"end":{"line":136,"column":null}},{"start":{},"end":{}}],"line":136},"21":{"loc":{"start":{"line":138,"column":2},"end":{"line":139,"column":null}},"type":"if","locations":[{"start":{"line":138,"column":2},"end":{"line":139,"column":null}},{"start":{},"end":{}}],"line":138},"22":{"loc":{"start":{"line":138,"column":6},"end":{"line":138,"column":60}},"type":"binary-expr","locations":[{"start":{"line":138,"column":6},"end":{"line":138,"column":30}},{"start":{"line":138,"column":34},"end":{"line":138,"column":60}}],"line":138},"23":{"loc":{"start":{"line":139,"column":4},"end":{"line":139,"column":null}},"type":"if","locations":[{"start":{"line":139,"column":4},"end":{"line":139,"column":null}},{"start":{},"end":{}}],"line":139}},"s":{"0":3,"1":1,"2":2,"3":2,"4":2,"5":2,"6":2,"7":2,"8":2,"9":8,"10":8,"11":2,"12":2,"13":6,"14":2,"15":2,"16":4,"17":2,"18":2,"19":2,"20":2,"21":1,"22":1,"23":1,"24":0,"25":0,"26":0,"27":1,"28":1,"29":1,"30":2,"31":2,"32":0,"33":2,"34":1,"35":0,"36":1,"37":1,"38":0,"39":0,"40":0,"41":1,"42":1,"43":1,"44":0,"45":0,"46":0,"47":0,"48":0,"49":0,"50":0,"51":0,"52":0,"53":0,"54":0,"55":0,"56":0,"57":0,"58":0,"59":0,"60":0,"61":0,"62":0,"63":0,"64":0,"65":0,"66":0,"67":0,"68":0},"f":{"0":3,"1":2,"2":1,"3":1,"4":0,"5":0},"b":{"0":[1,2],"1":[2,6],"2":[2,4],"3":[6,2,2],"4":[2,2],"5":[4,2,2],"6":[1,1],"7":[0,1],"8":[0,2],"9":[2,2],"10":[2,1],"11":[0,1],"12":[1,0],"13":[0,0],"14":[1,0],"15":[0,0],"16":[0,0],"17":[0,0],"18":[0,0],"19":[0,0],"20":[0,0],"21":[0,0],"22":[0,0],"23":[0,0]},"meta":{"lastBranch":24,"lastFunction":6,"lastStatement":69,"seen":{"f:14:16:14:33":0,"b:15:2:16:Infinity:undefined:undefined:undefined:undefined":0,"s:15:2:16:Infinity":0,"s:16:4:16:Infinity":1,"s:19:17:19:62":2,"s:20:42:20:44":3,"s:21:15:21:Infinity":4,"s:22:20:22:Infinity":5,"s:24:43:24:Infinity":6,"s:26:2:78:Infinity":7,"s:26:15:26:18":8,"s:27:18:27:Infinity":9,"b:30:4:32:Infinity:undefined:undefined:undefined:undefined":1,"s:30:4:32:Infinity":10,"s:31:6:31:Infinity":11,"s:32:6:32:Infinity":12,"b:36:4:38:Infinity:undefined:undefined:undefined:undefined":2,"s:36:4:38:Infinity":13,"b:36:8:36:19:36:19:36:41:36:41:36:58":3,"s:37:6:37:Infinity":14,"s:38:6:38:Infinity":15,"b:42:4:48:Infinity:undefined:undefined:undefined:undefined":4,"s:42:4:48:Infinity":16,"b:42:8:42:35:42:35:42:57:42:57:42:74":5,"s:43:6:43:Infinity":17,"s:44:6:47:Infinity":18,"s:48:6:48:Infinity":19,"b:52:4:54:Infinity:undefined:undefined:undefined:undefined":6,"s:52:4:54:Infinity":20,"s:53:6:53:Infinity":21,"s:54:6:54:Infinity":22,"b:58:4:65:Infinity:undefined:undefined:undefined:undefined":7,"s:58:4:65:Infinity":23,"s:59:6:63:Infinity":24,"s:64:6:64:Infinity":25,"s:65:6:65:Infinity":26,"s:69:52:69:74":27,"s:71:4:77:Infinity":28,"s:78:4:78:Infinity":29,"s:81:2:81:Infinity":30,"f:84:9:84:18":1,"b:87:2:87:Infinity:undefined:undefined:undefined:undefined":8,"s:87:2:87:Infinity":31,"b:87:6:87:26:87:26:87:44":9,"s:87:44:87:Infinity":32,"s:88:2:88:Infinity":33,"b:88:9:88:34:88:38:88:Infinity":10,"f:91:9:91:21":2,"b:94:2:94:Infinity:undefined:undefined:undefined:undefined":11,"s:94:2:94:Infinity":34,"s:94:24:94:Infinity":35,"b:95:2:95:Infinity:undefined:undefined:undefined:undefined":12,"s:95:2:95:Infinity":36,"s:95:32:95:Infinity":37,"b:96:2:96:Infinity:undefined:undefined:undefined:undefined":13,"s:96:2:96:Infinity":38,"s:96:32:96:Infinity":39,"s:97:2:97:Infinity":40,"f:106:9:106:25":3,"s:108:19:108:37":41,"b:109:2:109:Infinity:undefined:undefined:undefined:undefined":14,"s:109:2:109:Infinity":42,"s:109:23:109:Infinity":43,"s:111:16:111:44":44,"s:112:21:112:50":45,"s:118:21:118:51":46,"b:119:2:120:Infinity:undefined:undefined:undefined:undefined":15,"s:119:2:120:Infinity":47,"s:120:4:120:Infinity":48,"s:124:19:124:50":49,"b:125:2:130:Infinity:127:9:130:Infinity":16,"s:125:2:130:Infinity":50,"s:126:4:126:Infinity":51,"s:128:19:128:48":52,"b:129:4:130:Infinity:undefined:undefined:undefined:undefined":17,"s:129:4:130:Infinity":53,"s:130:6:130:Infinity":54,"b:135:2:136:Infinity:undefined:undefined:undefined:undefined":18,"s:135:2:136:Infinity":55,"b:135:6:135:30:135:34:135:60":19,"b:136:4:136:Infinity:undefined:undefined:undefined:undefined":20,"s:136:4:136:Infinity":56,"s:136:23:136:Infinity":57,"b:138:2:139:Infinity:undefined:undefined:undefined:undefined":21,"s:138:2:139:Infinity":58,"b:138:6:138:30:138:34:138:60":22,"b:139:4:139:Infinity:undefined:undefined:undefined:undefined":23,"s:139:4:139:Infinity":59,"s:139:23:139:Infinity":60,"s:142:2:142:Infinity":61,"f:148:16:148:Infinity":4,"s:152:12:152:Infinity":62,"s:153:15:153:33":63,"s:154:15:154:33":64,"s:155:12:156:Infinity":65,"s:157:12:157:58":66,"s:158:2:158:Infinity":67,"f:161:9:161:15":5,"s:162:2:162:Infinity":68}}}
,"/Users/reidar/Projectos/RFMS/shared/src/fmc/simbriefParser.ts": {"path":"/Users/reidar/Projectos/RFMS/shared/src/fmc/simbriefParser.ts","statementMap":{"0":{"start":{"line":21,"column":8},"end":{"line":23,"column":null}},"1":{"start":{"line":22,"column":18},"end":{"line":22,"column":77}},"2":{"start":{"line":23,"column":4},"end":{"line":23,"column":null}},"3":{"start":{"line":26,"column":17},"end":{"line":26,"column":48}},"4":{"start":{"line":27,"column":22},"end":{"line":27,"column":58}},"5":{"start":{"line":28,"column":23},"end":{"line":28,"column":68}},"6":{"start":{"line":29,"column":16},"end":{"line":29,"column":null}},"7":{"start":{"line":30,"column":20},"end":{"line":30,"column":54}},"8":{"start":{"line":32,"column":17},"end":{"line":32,"column":null}},"9":{"start":{"line":33,"column":20},"end":{"line":33,"column":null}},"10":{"start":{"line":34,"column":14},"end":{"line":34,"column":null}},"11":{"start":{"line":35,"column":15},"end":{"line":35,"column":null}},"12":{"start":{"line":37,"column":2},"end":{"line":44,"column":null}},"13":{"start":{"line":51,"column":15},"end":{"line":51,"column":31}},"14":{"start":{"line":52,"column":2},"end":{"line":64,"column":null}},"15":{"start":{"line":71,"column":18},"end":{"line":71,"column":28}},"16":{"start":{"line":72,"column":2},"end":{"line":73,"column":null}},"17":{"start":{"line":73,"column":4},"end":{"line":73,"column":null}},"18":{"start":{"line":75,"column":2},"end":{"line":75,"column":null}}},"fnMap":{"0":{"name":"parseSimBriefXML","decl":{"start":{"line":20,"column":16},"end":{"line":20,"column":33}},"loc":{"start":{"line":20,"column":171},"end":{"line":44,"column":null}},"line":20},"1":{"name":"(anonymous_1)","decl":{"start":{"line":21,"column":8},"end":{"line":21,"column":18}},"loc":{"start":{"line":21,"column":54},"end":{"line":23,"column":null}},"line":21},"2":{"name":"parseSimBriefJSON","decl":{"start":{"line":50,"column":16},"end":{"line":50,"column":34}},"loc":{"start":{"line":50,"column":173},"end":{"line":64,"column":null}},"line":50},"3":{"name":"parseSimBrief","decl":{"start":{"line":70,"column":16},"end":{"line":70,"column":30}},"loc":{"start":{"line":70,"column":168},"end":{"line":75,"column":null}},"line":70}},"branchMap":{"0":{"loc":{"start":{"line":28,"column":23},"end":{"line":28,"column":68}},"type":"binary-expr","locations":[{"start":{"line":28,"column":23},"end":{"line":28,"column":46}},{"start":{"line":28,"column":50},"end":{"line":28,"column":68}}],"line":28},"1":{"loc":{"start":{"line":29,"column":16},"end":{"line":29,"column":null}},"type":"binary-expr","locations":[{"start":{"line":29,"column":16},"end":{"line":29,"column":31}},{"start":{"line":29,"column":35},"end":{"line":29,"column":58}},{"start":{"line":29,"column":62},"end":{"line":29,"column":null}}],"line":29},"2":{"loc":{"start":{"line":32,"column":17},"end":{"line":32,"column":null}},"type":"binary-expr","locations":[{"start":{"line":32,"column":17},"end":{"line":32,"column":59}},{"start":{"line":32,"column":63},"end":{"line":32,"column":null}}],"line":32},"3":{"loc":{"start":{"line":32,"column":26},"end":{"line":32,"column":59}},"type":"binary-expr","locations":[{"start":{"line":32,"column":26},"end":{"line":32,"column":52}},{"start":{"line":32,"column":56},"end":{"line":32,"column":59}}],"line":32},"4":{"loc":{"start":{"line":33,"column":20},"end":{"line":33,"column":null}},"type":"binary-expr","locations":[{"start":{"line":33,"column":20},"end":{"line":33,"column":56}},{"start":{"line":33,"column":60},"end":{"line":33,"column":null}}],"line":33},"5":{"loc":{"start":{"line":33,"column":29},"end":{"line":33,"column":56}},"type":"binary-expr","locations":[{"start":{"line":33,"column":29},"end":{"line":33,"column":49}},{"start":{"line":33,"column":53},"end":{"line":33,"column":56}}],"line":33},"6":{"loc":{"start":{"line":34,"column":14},"end":{"line":34,"column":null}},"type":"binary-expr","locations":[{"start":{"line":34,"column":14},"end":{"line":34,"column":56}},{"start":{"line":34,"column":56},"end":{"line":34,"column":null}}],"line":34},"7":{"loc":{"start":{"line":34,"column":25},"end":{"line":34,"column":45}},"type":"binary-expr","locations":[{"start":{"line":34,"column":25},"end":{"line":34,"column":38}},{"start":{"line":34,"column":42},"end":{"line":34,"column":45}}],"line":34},"8":{"loc":{"start":{"line":35,"column":15},"end":{"line":35,"column":null}},"type":"binary-expr","locations":[{"start":{"line":35,"column":15},"end":{"line":35,"column":64}},{"start":{"line":35,"column":64},"end":{"line":35,"column":null}}],"line":35},"9":{"loc":{"start":{"line":35,"column":26},"end":{"line":35,"column":53}},"type":"binary-expr","locations":[{"start":{"line":35,"column":26},"end":{"line":35,"column":46}},{"start":{"line":35,"column":50},"end":{"line":35,"column":53}}],"line":35},"10":{"loc":{"start":{"line":57,"column":11},"end":{"line":57,"column":null}},"type":"binary-expr","locations":[{"start":{"line":57,"column":11},"end":{"line":57,"column":25}},{"start":{"line":57,"column":25},"end":{"line":57,"column":null}}],"line":57},"11":{"loc":{"start":{"line":72,"column":2},"end":{"line":73,"column":null}},"type":"if","locations":[{"start":{"line":72,"column":2},"end":{"line":73,"column":null}},{"start":{},"end":{}}],"line":72}},"s":{"0":0,"1":0,"2":0,"3":0,"4":0,"5":0,"6":0,"7":0,"8":0,"9":0,"10":0,"11":0,"12":0,"13":2,"14":2,"15":0,"16":0,"17":0,"18":0},"f":{"0":0,"1":0,"2":2,"3":0},"b":{"0":[0,0],"1":[0,0,0],"2":[0,0],"3":[0,0],"4":[0,0],"5":[0,0],"6":[0,0],"7":[0,0],"8":[0,0],"9":[0,0],"10":[2,0],"11":[0,0]},"meta":{"lastBranch":12,"lastFunction":4,"lastStatement":19,"seen":{"f:20:16:20:33":0,"s:21:8:23:Infinity":0,"f:21:8:21:18":1,"s:22:18:22:77":1,"s:23:4:23:Infinity":2,"s:26:17:26:48":3,"s:27:22:27:58":4,"s:28:23:28:68":5,"b:28:23:28:46:28:50:28:68":0,"s:29:16:29:Infinity":6,"b:29:16:29:31:29:35:29:58:29:62:29:Infinity":1,"s:30:20:30:54":7,"s:32:17:32:Infinity":8,"b:32:17:32:59:32:63:32:Infinity":2,"b:32:26:32:52:32:56:32:59":3,"s:33:20:33:Infinity":9,"b:33:20:33:56:33:60:33:Infinity":4,"b:33:29:33:49:33:53:33:56":5,"s:34:14:34:Infinity":10,"b:34:14:34:56:34:56:34:Infinity":6,"b:34:25:34:38:34:42:34:45":7,"s:35:15:35:Infinity":11,"b:35:15:35:64:35:64:35:Infinity":8,"b:35:26:35:46:35:50:35:53":9,"s:37:2:44:Infinity":12,"f:50:16:50:34":2,"s:51:15:51:31":13,"s:52:2:64:Infinity":14,"b:57:11:57:25:57:25:57:Infinity":10,"f:70:16:70:30":3,"s:71:18:71:28":15,"b:72:2:73:Infinity:undefined:undefined:undefined:undefined":11,"s:72:2:73:Infinity":16,"s:73:4:73:Infinity":17,"s:75:2:75:Infinity":18}}}
,"/Users/reidar/Projectos/RFMS/shared/src/fmc/tutorialEngine.ts": {"path":"/Users/reidar/Projectos/RFMS/shared/src/fmc/tutorialEngine.ts","statementMap":{"0":{"start":{"line":10,"column":51},"end":{"line":245,"column":null}},"1":{"start":{"line":19,"column":22},"end":{"line":19,"column":null}},"2":{"start":{"line":29,"column":35},"end":{"line":29,"column":null}},"3":{"start":{"line":37,"column":35},"end":{"line":37,"column":null}},"4":{"start":{"line":47,"column":22},"end":{"line":47,"column":null}},"5":{"start":{"line":55,"column":35},"end":{"line":55,"column":null}},"6":{"start":{"line":63,"column":35},"end":{"line":63,"column":null}},"7":{"start":{"line":71,"column":35},"end":{"line":71,"column":null}},"8":{"start":{"line":79,"column":22},"end":{"line":79,"column":null}},"9":{"start":{"line":87,"column":35},"end":{"line":87,"column":70}},"10":{"start":{"line":97,"column":22},"end":{"line":97,"column":null}},"11":{"start":{"line":105,"column":35},"end":{"line":105,"column":null}},"12":{"start":{"line":115,"column":22},"end":{"line":115,"column":null}},"13":{"start":{"line":123,"column":35},"end":{"line":123,"column":null}},"14":{"start":{"line":131,"column":35},"end":{"line":131,"column":null}},"15":{"start":{"line":139,"column":35},"end":{"line":139,"column":null}},"16":{"start":{"line":147,"column":35},"end":{"line":147,"column":null}},"17":{"start":{"line":157,"column":22},"end":{"line":157,"column":null}},"18":{"start":{"line":165,"column":22},"end":{"line":165,"column":null}},"19":{"start":{"line":175,"column":22},"end":{"line":175,"column":null}},"20":{"start":{"line":183,"column":35},"end":{"line":183,"column":null}},"21":{"start":{"line":191,"column":35},"end":{"line":191,"column":null}},"22":{"start":{"line":199,"column":35},"end":{"line":199,"column":null}},"23":{"start":{"line":207,"column":35},"end":{"line":207,"column":null}},"24":{"start":{"line":215,"column":35},"end":{"line":215,"column":null}},"25":{"start":{"line":223,"column":35},"end":{"line":223,"column":null}},"26":{"start":{"line":231,"column":35},"end":{"line":231,"column":54}},"27":{"start":{"line":239,"column":22},"end":{"line":239,"column":null}},"28":{"start":{"line":244,"column":15},"end":{"line":244,"column":null}},"29":{"start":{"line":251,"column":49},"end":{"line":321,"column":null}},"30":{"start":{"line":259,"column":35},"end":{"line":259,"column":null}},"31":{"start":{"line":267,"column":35},"end":{"line":267,"column":null}},"32":{"start":{"line":275,"column":35},"end":{"line":275,"column":null}},"33":{"start":{"line":283,"column":35},"end":{"line":283,"column":null}},"34":{"start":{"line":291,"column":35},"end":{"line":291,"column":null}},"35":{"start":{"line":299,"column":35},"end":{"line":299,"column":null}},"36":{"start":{"line":307,"column":35},"end":{"line":307,"column":54}},"37":{"start":{"line":315,"column":22},"end":{"line":315,"column":null}},"38":{"start":{"line":320,"column":15},"end":{"line":320,"column":null}},"39":{"start":{"line":326,"column":48},"end":{"line":396,"column":null}},"40":{"start":{"line":334,"column":22},"end":{"line":334,"column":null}},"41":{"start":{"line":342,"column":22},"end":{"line":342,"column":null}},"42":{"start":{"line":350,"column":22},"end":{"line":350,"column":null}},"43":{"start":{"line":358,"column":22},"end":{"line":358,"column":null}},"44":{"start":{"line":366,"column":22},"end":{"line":366,"column":null}},"45":{"start":{"line":374,"column":22},"end":{"line":374,"column":null}},"46":{"start":{"line":382,"column":22},"end":{"line":382,"column":null}},"47":{"start":{"line":390,"column":22},"end":{"line":390,"column":null}},"48":{"start":{"line":395,"column":15},"end":{"line":395,"column":null}},"49":{"start":{"line":398,"column":53},"end":{"line":402,"column":null}},"50":{"start":{"line":405,"column":2},"end":{"line":405,"column":null}},"51":{"start":{"line":405,"column":37},"end":{"line":405,"column":53}}},"fnMap":{"0":{"name":"(anonymous_0)","decl":{"start":{"line":19,"column":6},"end":{"line":19,"column":22}},"loc":{"start":{"line":19,"column":22},"end":{"line":19,"column":null}},"line":19},"1":{"name":"(anonymous_1)","decl":{"start":{"line":29,"column":6},"end":{"line":29,"column":17}},"loc":{"start":{"line":29,"column":35},"end":{"line":29,"column":null}},"line":29},"2":{"name":"(anonymous_2)","decl":{"start":{"line":37,"column":6},"end":{"line":37,"column":17}},"loc":{"start":{"line":37,"column":35},"end":{"line":37,"column":null}},"line":37},"3":{"name":"(anonymous_3)","decl":{"start":{"line":47,"column":6},"end":{"line":47,"column":22}},"loc":{"start":{"line":47,"column":22},"end":{"line":47,"column":null}},"line":47},"4":{"name":"(anonymous_4)","decl":{"start":{"line":55,"column":6},"end":{"line":55,"column":17}},"loc":{"start":{"line":55,"column":35},"end":{"line":55,"column":null}},"line":55},"5":{"name":"(anonymous_5)","decl":{"start":{"line":63,"column":6},"end":{"line":63,"column":17}},"loc":{"start":{"line":63,"column":35},"end":{"line":63,"column":null}},"line":63},"6":{"name":"(anonymous_6)","decl":{"start":{"line":71,"column":6},"end":{"line":71,"column":17}},"loc":{"start":{"line":71,"column":35},"end":{"line":71,"column":null}},"line":71},"7":{"name":"(anonymous_7)","decl":{"start":{"line":79,"column":6},"end":{"line":79,"column":22}},"loc":{"start":{"line":79,"column":22},"end":{"line":79,"column":null}},"line":79},"8":{"name":"(anonymous_8)","decl":{"start":{"line":87,"column":6},"end":{"line":87,"column":17}},"loc":{"start":{"line":87,"column":35},"end":{"line":87,"column":70}},"line":87},"9":{"name":"(anonymous_9)","decl":{"start":{"line":97,"column":6},"end":{"line":97,"column":22}},"loc":{"start":{"line":97,"column":22},"end":{"line":97,"column":null}},"line":97},"10":{"name":"(anonymous_10)","decl":{"start":{"line":105,"column":6},"end":{"line":105,"column":17}},"loc":{"start":{"line":105,"column":35},"end":{"line":105,"column":null}},"line":105},"11":{"name":"(anonymous_11)","decl":{"start":{"line":115,"column":6},"end":{"line":115,"column":22}},"loc":{"start":{"line":115,"column":22},"end":{"line":115,"column":null}},"line":115},"12":{"name":"(anonymous_12)","decl":{"start":{"line":123,"column":6},"end":{"line":123,"column":17}},"loc":{"start":{"line":123,"column":35},"end":{"line":123,"column":null}},"line":123},"13":{"name":"(anonymous_13)","decl":{"start":{"line":131,"column":6},"end":{"line":131,"column":17}},"loc":{"start":{"line":131,"column":35},"end":{"line":131,"column":null}},"line":131},"14":{"name":"(anonymous_14)","decl":{"start":{"line":139,"column":6},"end":{"line":139,"column":17}},"loc":{"start":{"line":139,"column":35},"end":{"line":139,"column":null}},"line":139},"15":{"name":"(anonymous_15)","decl":{"start":{"line":147,"column":6},"end":{"line":147,"column":17}},"loc":{"start":{"line":147,"column":35},"end":{"line":147,"column":null}},"line":147},"16":{"name":"(anonymous_16)","decl":{"start":{"line":157,"column":6},"end":{"line":157,"column":22}},"loc":{"start":{"line":157,"column":22},"end":{"line":157,"column":null}},"line":157},"17":{"name":"(anonymous_17)","decl":{"start":{"line":165,"column":6},"end":{"line":165,"column":22}},"loc":{"start":{"line":165,"column":22},"end":{"line":165,"column":null}},"line":165},"18":{"name":"(anonymous_18)","decl":{"start":{"line":175,"column":6},"end":{"line":175,"column":22}},"loc":{"start":{"line":175,"column":22},"end":{"line":175,"column":null}},"line":175},"19":{"name":"(anonymous_19)","decl":{"start":{"line":183,"column":6},"end":{"line":183,"column":17}},"loc":{"start":{"line":183,"column":35},"end":{"line":183,"column":null}},"line":183},"20":{"name":"(anonymous_20)","decl":{"start":{"line":191,"column":6},"end":{"line":191,"column":17}},"loc":{"start":{"line":191,"column":35},"end":{"line":191,"column":null}},"line":191},"21":{"name":"(anonymous_21)","decl":{"start":{"line":199,"column":6},"end":{"line":199,"column":17}},"loc":{"start":{"line":199,"column":35},"end":{"line":199,"column":null}},"line":199},"22":{"name":"(anonymous_22)","decl":{"start":{"line":207,"column":6},"end":{"line":207,"column":17}},"loc":{"start":{"line":207,"column":35},"end":{"line":207,"column":null}},"line":207},"23":{"name":"(anonymous_23)","decl":{"start":{"line":215,"column":6},"end":{"line":215,"column":17}},"loc":{"start":{"line":215,"column":35},"end":{"line":215,"column":null}},"line":215},"24":{"name":"(anonymous_24)","decl":{"start":{"line":223,"column":6},"end":{"line":223,"column":17}},"loc":{"start":{"line":223,"column":35},"end":{"line":223,"column":null}},"line":223},"25":{"name":"(anonymous_25)","decl":{"start":{"line":231,"column":6},"end":{"line":231,"column":17}},"loc":{"start":{"line":231,"column":35},"end":{"line":231,"column":54}},"line":231},"26":{"name":"(anonymous_26)","decl":{"start":{"line":239,"column":6},"end":{"line":239,"column":22}},"loc":{"start":{"line":239,"column":22},"end":{"line":239,"column":null}},"line":239},"27":{"name":"(anonymous_27)","decl":{"start":{"line":244,"column":2},"end":{"line":244,"column":15}},"loc":{"start":{"line":244,"column":15},"end":{"line":244,"column":null}},"line":244},"28":{"name":"(anonymous_28)","decl":{"start":{"line":259,"column":6},"end":{"line":259,"column":17}},"loc":{"start":{"line":259,"column":35},"end":{"line":259,"column":null}},"line":259},"29":{"name":"(anonymous_29)","decl":{"start":{"line":267,"column":6},"end":{"line":267,"column":17}},"loc":{"start":{"line":267,"column":35},"end":{"line":267,"column":null}},"line":267},"30":{"name":"(anonymous_30)","decl":{"start":{"line":275,"column":6},"end":{"line":275,"column":17}},"loc":{"start":{"line":275,"column":35},"end":{"line":275,"column":null}},"line":275},"31":{"name":"(anonymous_31)","decl":{"start":{"line":283,"column":6},"end":{"line":283,"column":17}},"loc":{"start":{"line":283,"column":35},"end":{"line":283,"column":null}},"line":283},"32":{"name":"(anonymous_32)","decl":{"start":{"line":291,"column":6},"end":{"line":291,"column":17}},"loc":{"start":{"line":291,"column":35},"end":{"line":291,"column":null}},"line":291},"33":{"name":"(anonymous_33)","decl":{"start":{"line":299,"column":6},"end":{"line":299,"column":17}},"loc":{"start":{"line":299,"column":35},"end":{"line":299,"column":null}},"line":299},"34":{"name":"(anonymous_34)","decl":{"start":{"line":307,"column":6},"end":{"line":307,"column":17}},"loc":{"start":{"line":307,"column":35},"end":{"line":307,"column":54}},"line":307},"35":{"name":"(anonymous_35)","decl":{"start":{"line":315,"column":6},"end":{"line":315,"column":22}},"loc":{"start":{"line":315,"column":22},"end":{"line":315,"column":null}},"line":315},"36":{"name":"(anonymous_36)","decl":{"start":{"line":320,"column":2},"end":{"line":320,"column":15}},"loc":{"start":{"line":320,"column":15},"end":{"line":320,"column":null}},"line":320},"37":{"name":"(anonymous_37)","decl":{"start":{"line":334,"column":6},"end":{"line":334,"column":22}},"loc":{"start":{"line":334,"column":22},"end":{"line":334,"column":null}},"line":334},"38":{"name":"(anonymous_38)","decl":{"start":{"line":342,"column":6},"end":{"line":342,"column":22}},"loc":{"start":{"line":342,"column":22},"end":{"line":342,"column":null}},"line":342},"39":{"name":"(anonymous_39)","decl":{"start":{"line":350,"column":6},"end":{"line":350,"column":22}},"loc":{"start":{"line":350,"column":22},"end":{"line":350,"column":null}},"line":350},"40":{"name":"(anonymous_40)","decl":{"start":{"line":358,"column":6},"end":{"line":358,"column":22}},"loc":{"start":{"line":358,"column":22},"end":{"line":358,"column":null}},"line":358},"41":{"name":"(anonymous_41)","decl":{"start":{"line":366,"column":6},"end":{"line":366,"column":22}},"loc":{"start":{"line":366,"column":22},"end":{"line":366,"column":null}},"line":366},"42":{"name":"(anonymous_42)","decl":{"start":{"line":374,"column":6},"end":{"line":374,"column":22}},"loc":{"start":{"line":374,"column":22},"end":{"line":374,"column":null}},"line":374},"43":{"name":"(anonymous_43)","decl":{"start":{"line":382,"column":6},"end":{"line":382,"column":22}},"loc":{"start":{"line":382,"column":22},"end":{"line":382,"column":null}},"line":382},"44":{"name":"(anonymous_44)","decl":{"start":{"line":390,"column":6},"end":{"line":390,"column":22}},"loc":{"start":{"line":390,"column":22},"end":{"line":390,"column":null}},"line":390},"45":{"name":"(anonymous_45)","decl":{"start":{"line":395,"column":2},"end":{"line":395,"column":15}},"loc":{"start":{"line":395,"column":15},"end":{"line":395,"column":null}},"line":395},"46":{"name":"getTutorialScenario","decl":{"start":{"line":404,"column":16},"end":{"line":404,"column":36}},"loc":{"start":{"line":404,"column":80},"end":{"line":405,"column":null}},"line":404},"47":{"name":"(anonymous_47)","decl":{"start":{"line":405,"column":27},"end":{"line":405,"column":32}},"loc":{"start":{"line":405,"column":37},"end":{"line":405,"column":53}},"line":405}},"branchMap":{"0":{"loc":{"start":{"line":37,"column":35},"end":{"line":37,"column":null}},"type":"binary-expr","locations":[{"start":{"line":37,"column":35},"end":{"line":37,"column":73}},{"start":{"line":37,"column":77},"end":{"line":37,"column":null}}],"line":37},"1":{"loc":{"start":{"line":71,"column":35},"end":{"line":71,"column":null}},"type":"binary-expr","locations":[{"start":{"line":71,"column":35},"end":{"line":71,"column":72}},{"start":{"line":71,"column":76},"end":{"line":71,"column":null}}],"line":71},"2":{"loc":{"start":{"line":123,"column":35},"end":{"line":123,"column":null}},"type":"binary-expr","locations":[{"start":{"line":123,"column":35},"end":{"line":123,"column":61}},{"start":{"line":123,"column":61},"end":{"line":123,"column":null}}],"line":123},"3":{"loc":{"start":{"line":131,"column":35},"end":{"line":131,"column":null}},"type":"binary-expr","locations":[{"start":{"line":131,"column":35},"end":{"line":131,"column":58}},{"start":{"line":131,"column":58},"end":{"line":131,"column":null}}],"line":131},"4":{"loc":{"start":{"line":139,"column":35},"end":{"line":139,"column":null}},"type":"binary-expr","locations":[{"start":{"line":139,"column":35},"end":{"line":139,"column":61}},{"start":{"line":139,"column":61},"end":{"line":139,"column":null}}],"line":139},"5":{"loc":{"start":{"line":183,"column":35},"end":{"line":183,"column":null}},"type":"binary-expr","locations":[{"start":{"line":183,"column":35},"end":{"line":183,"column":71}},{"start":{"line":183,"column":75},"end":{"line":183,"column":null}}],"line":183},"6":{"loc":{"start":{"line":191,"column":35},"end":{"line":191,"column":null}},"type":"binary-expr","locations":[{"start":{"line":191,"column":35},"end":{"line":191,"column":60}},{"start":{"line":191,"column":60},"end":{"line":191,"column":null}}],"line":191},"7":{"loc":{"start":{"line":199,"column":35},"end":{"line":199,"column":null}},"type":"binary-expr","locations":[{"start":{"line":199,"column":35},"end":{"line":199,"column":60}},{"start":{"line":199,"column":60},"end":{"line":199,"column":null}}],"line":199},"8":{"loc":{"start":{"line":207,"column":35},"end":{"line":207,"column":null}},"type":"binary-expr","locations":[{"start":{"line":207,"column":35},"end":{"line":207,"column":60}},{"start":{"line":207,"column":60},"end":{"line":207,"column":null}}],"line":207},"9":{"loc":{"start":{"line":215,"column":35},"end":{"line":215,"column":null}},"type":"binary-expr","locations":[{"start":{"line":215,"column":35},"end":{"line":215,"column":60}},{"start":{"line":215,"column":60},"end":{"line":215,"column":null}}],"line":215},"10":{"loc":{"start":{"line":223,"column":35},"end":{"line":223,"column":null}},"type":"binary-expr","locations":[{"start":{"line":223,"column":35},"end":{"line":223,"column":60}},{"start":{"line":223,"column":60},"end":{"line":223,"column":null}}],"line":223},"11":{"loc":{"start":{"line":291,"column":35},"end":{"line":291,"column":null}},"type":"binary-expr","locations":[{"start":{"line":291,"column":35},"end":{"line":291,"column":60}},{"start":{"line":291,"column":60},"end":{"line":291,"column":null}}],"line":291}},"s":{"0":1,"1":0,"2":0,"3":0,"4":0,"5":0,"6":0,"7":0,"8":0,"9":0,"10":0,"11":0,"12":0,"13":0,"14":0,"15":0,"16":0,"17":0,"18":0,"19":0,"20":0,"21":0,"22":0,"23":0,"24":0,"25":0,"26":0,"27":0,"28":0,"29":1,"30":0,"31":0,"32":0,"33":0,"34":0,"35":0,"36":0,"37":0,"38":0,"39":1,"40":0,"41":0,"42":0,"43":0,"44":0,"45":0,"46":0,"47":0,"48":0,"49":1,"50":0,"51":0},"f":{"0":0,"1":0,"2":0,"3":0,"4":0,"5":0,"6":0,"7":0,"8":0,"9":0,"10":0,"11":0,"12":0,"13":0,"14":0,"15":0,"16":0,"17":0,"18":0,"19":0,"20":0,"21":0,"22":0,"23":0,"24":0,"25":0,"26":0,"27":0,"28":0,"29":0,"30":0,"31":0,"32":0,"33":0,"34":0,"35":0,"36":0,"37":0,"38":0,"39":0,"40":0,"41":0,"42":0,"43":0,"44":0,"45":0,"46":0,"47":0},"b":{"0":[0,0],"1":[0,0],"2":[0,0],"3":[0,0],"4":[0,0],"5":[0,0],"6":[0,0],"7":[0,0],"8":[0,0],"9":[0,0],"10":[0,0],"11":[0,0]},"meta":{"lastBranch":12,"lastFunction":48,"lastStatement":52,"seen":{"s:10:51:245:Infinity":0,"f:19:6:19:22":0,"s:19:22:19:Infinity":1,"f:29:6:29:17":1,"s:29:35:29:Infinity":2,"f:37:6:37:17":2,"s:37:35:37:Infinity":3,"b:37:35:37:73:37:77:37:Infinity":0,"f:47:6:47:22":3,"s:47:22:47:Infinity":4,"f:55:6:55:17":4,"s:55:35:55:Infinity":5,"f:63:6:63:17":5,"s:63:35:63:Infinity":6,"f:71:6:71:17":6,"s:71:35:71:Infinity":7,"b:71:35:71:72:71:76:71:Infinity":1,"f:79:6:79:22":7,"s:79:22:79:Infinity":8,"f:87:6:87:17":8,"s:87:35:87:70":9,"f:97:6:97:22":9,"s:97:22:97:Infinity":10,"f:105:6:105:17":10,"s:105:35:105:Infinity":11,"f:115:6:115:22":11,"s:115:22:115:Infinity":12,"f:123:6:123:17":12,"s:123:35:123:Infinity":13,"b:123:35:123:61:123:61:123:Infinity":2,"f:131:6:131:17":13,"s:131:35:131:Infinity":14,"b:131:35:131:58:131:58:131:Infinity":3,"f:139:6:139:17":14,"s:139:35:139:Infinity":15,"b:139:35:139:61:139:61:139:Infinity":4,"f:147:6:147:17":15,"s:147:35:147:Infinity":16,"f:157:6:157:22":16,"s:157:22:157:Infinity":17,"f:165:6:165:22":17,"s:165:22:165:Infinity":18,"f:175:6:175:22":18,"s:175:22:175:Infinity":19,"f:183:6:183:17":19,"s:183:35:183:Infinity":20,"b:183:35:183:71:183:75:183:Infinity":5,"f:191:6:191:17":20,"s:191:35:191:Infinity":21,"b:191:35:191:60:191:60:191:Infinity":6,"f:199:6:199:17":21,"s:199:35:199:Infinity":22,"b:199:35:199:60:199:60:199:Infinity":7,"f:207:6:207:17":22,"s:207:35:207:Infinity":23,"b:207:35:207:60:207:60:207:Infinity":8,"f:215:6:215:17":23,"s:215:35:215:Infinity":24,"b:215:35:215:60:215:60:215:Infinity":9,"f:223:6:223:17":24,"s:223:35:223:Infinity":25,"b:223:35:223:60:223:60:223:Infinity":10,"f:231:6:231:17":25,"s:231:35:231:54":26,"f:239:6:239:22":26,"s:239:22:239:Infinity":27,"f:244:2:244:15":27,"s:244:15:244:Infinity":28,"s:251:49:321:Infinity":29,"f:259:6:259:17":28,"s:259:35:259:Infinity":30,"f:267:6:267:17":29,"s:267:35:267:Infinity":31,"f:275:6:275:17":30,"s:275:35:275:Infinity":32,"f:283:6:283:17":31,"s:283:35:283:Infinity":33,"f:291:6:291:17":32,"s:291:35:291:Infinity":34,"b:291:35:291:60:291:60:291:Infinity":11,"f:299:6:299:17":33,"s:299:35:299:Infinity":35,"f:307:6:307:17":34,"s:307:35:307:54":36,"f:315:6:315:22":35,"s:315:22:315:Infinity":37,"f:320:2:320:15":36,"s:320:15:320:Infinity":38,"s:326:48:396:Infinity":39,"f:334:6:334:22":37,"s:334:22:334:Infinity":40,"f:342:6:342:22":38,"s:342:22:342:Infinity":41,"f:350:6:350:22":39,"s:350:22:350:Infinity":42,"f:358:6:358:22":40,"s:358:22:358:Infinity":43,"f:366:6:366:22":41,"s:366:22:366:Infinity":44,"f:374:6:374:22":42,"s:374:22:374:Infinity":45,"f:382:6:382:22":43,"s:382:22:382:Infinity":46,"f:390:6:390:22":44,"s:390:22:390:Infinity":47,"f:395:2:395:15":45,"s:395:15:395:Infinity":48,"s:398:53:402:Infinity":49,"f:404:16:404:36":46,"s:405:2:405:Infinity":50,"f:405:27:405:32":47,"s:405:37:405:53":51}}}
,"/Users/reidar/Projectos/RFMS/shared/src/fmc/validation.ts": {"path":"/Users/reidar/Projectos/RFMS/shared/src/fmc/validation.ts","statementMap":{"0":{"start":{"line":7,"column":2},"end":{"line":8,"column":null}},"1":{"start":{"line":8,"column":4},"end":{"line":8,"column":null}},"2":{"start":{"line":10,"column":2},"end":{"line":11,"column":null}},"3":{"start":{"line":11,"column":4},"end":{"line":11,"column":null}},"4":{"start":{"line":13,"column":2},"end":{"line":13,"column":null}},"5":{"start":{"line":17,"column":2},"end":{"line":18,"column":null}},"6":{"start":{"line":18,"column":4},"end":{"line":18,"column":null}},"7":{"start":{"line":20,"column":2},"end":{"line":21,"column":null}},"8":{"start":{"line":21,"column":4},"end":{"line":21,"column":null}},"9":{"start":{"line":23,"column":2},"end":{"line":23,"column":null}},"10":{"start":{"line":27,"column":2},"end":{"line":28,"column":null}},"11":{"start":{"line":28,"column":4},"end":{"line":28,"column":null}},"12":{"start":{"line":30,"column":2},"end":{"line":31,"column":null}},"13":{"start":{"line":31,"column":4},"end":{"line":31,"column":null}},"14":{"start":{"line":33,"column":2},"end":{"line":33,"column":null}},"15":{"start":{"line":37,"column":14},"end":{"line":37,"column":27}},"16":{"start":{"line":38,"column":2},"end":{"line":39,"column":null}},"17":{"start":{"line":39,"column":4},"end":{"line":39,"column":null}},"18":{"start":{"line":41,"column":2},"end":{"line":41,"column":null}},"19":{"start":{"line":45,"column":14},"end":{"line":45,"column":27}},"20":{"start":{"line":46,"column":2},"end":{"line":47,"column":null}},"21":{"start":{"line":47,"column":4},"end":{"line":47,"column":null}},"22":{"start":{"line":49,"column":2},"end":{"line":49,"column":null}},"23":{"start":{"line":53,"column":14},"end":{"line":53,"column":28}},"24":{"start":{"line":54,"column":2},"end":{"line":55,"column":null}},"25":{"start":{"line":55,"column":4},"end":{"line":55,"column":null}},"26":{"start":{"line":57,"column":2},"end":{"line":57,"column":null}},"27":{"start":{"line":61,"column":2},"end":{"line":62,"column":null}},"28":{"start":{"line":62,"column":4},"end":{"line":62,"column":null}},"29":{"start":{"line":64,"column":2},"end":{"line":65,"column":null}},"30":{"start":{"line":65,"column":4},"end":{"line":65,"column":null}},"31":{"start":{"line":67,"column":2},"end":{"line":67,"column":null}},"32":{"start":{"line":71,"column":2},"end":{"line":72,"column":null}},"33":{"start":{"line":72,"column":4},"end":{"line":72,"column":null}},"34":{"start":{"line":74,"column":2},"end":{"line":75,"column":null}},"35":{"start":{"line":75,"column":4},"end":{"line":75,"column":null}},"36":{"start":{"line":77,"column":2},"end":{"line":77,"column":null}},"37":{"start":{"line":81,"column":2},"end":{"line":82,"column":null}},"38":{"start":{"line":82,"column":4},"end":{"line":82,"column":null}},"39":{"start":{"line":84,"column":21},"end":{"line":84,"column":36}},"40":{"start":{"line":85,"column":17},"end":{"line":85,"column":30}},"41":{"start":{"line":86,"column":17},"end":{"line":86,"column":30}},"42":{"start":{"line":87,"column":2},"end":{"line":88,"column":null}},"43":{"start":{"line":88,"column":4},"end":{"line":88,"column":null}},"44":{"start":{"line":90,"column":2},"end":{"line":91,"column":null}},"45":{"start":{"line":91,"column":4},"end":{"line":91,"column":null}},"46":{"start":{"line":93,"column":2},"end":{"line":93,"column":null}}},"fnMap":{"0":{"name":"isValidICAO","decl":{"start":{"line":6,"column":16},"end":{"line":6,"column":28}},"loc":{"start":{"line":6,"column":60},"end":{"line":13,"column":null}},"line":6},"1":{"name":"isValidWaypoint","decl":{"start":{"line":16,"column":16},"end":{"line":16,"column":32}},"loc":{"start":{"line":16,"column":65},"end":{"line":23,"column":null}},"line":16},"2":{"name":"isValidFlightNumber","decl":{"start":{"line":26,"column":16},"end":{"line":26,"column":36}},"loc":{"start":{"line":26,"column":67},"end":{"line":33,"column":null}},"line":26},"3":{"name":"isValidAltitude","decl":{"start":{"line":36,"column":16},"end":{"line":36,"column":32}},"loc":{"start":{"line":36,"column":63},"end":{"line":41,"column":null}},"line":36},"4":{"name":"isValidSpeed","decl":{"start":{"line":44,"column":16},"end":{"line":44,"column":29}},"loc":{"start":{"line":44,"column":60},"end":{"line":49,"column":null}},"line":44},"5":{"name":"isValidTemperature","decl":{"start":{"line":52,"column":16},"end":{"line":52,"column":35}},"loc":{"start":{"line":52,"column":67},"end":{"line":57,"column":null}},"line":52},"6":{"name":"isValidVSpeeds","decl":{"start":{"line":60,"column":16},"end":{"line":60,"column":31}},"loc":{"start":{"line":60,"column":85},"end":{"line":67,"column":null}},"line":60},"7":{"name":"isValidRunway","decl":{"start":{"line":70,"column":16},"end":{"line":70,"column":30}},"loc":{"start":{"line":70,"column":61},"end":{"line":77,"column":null}},"line":70},"8":{"name":"isValidWind","decl":{"start":{"line":80,"column":16},"end":{"line":80,"column":28}},"loc":{"start":{"line":80,"column":60},"end":{"line":93,"column":null}},"line":80}},"branchMap":{"0":{"loc":{"start":{"line":7,"column":2},"end":{"line":8,"column":null}},"type":"if","locations":[{"start":{"line":7,"column":2},"end":{"line":8,"column":null}},{"start":{},"end":{}}],"line":7},"1":{"loc":{"start":{"line":7,"column":6},"end":{"line":7,"column":34}},"type":"binary-expr","locations":[{"start":{"line":7,"column":6},"end":{"line":7,"column":15}},{"start":{"line":7,"column":15},"end":{"line":7,"column":34}}],"line":7},"2":{"loc":{"start":{"line":10,"column":2},"end":{"line":11,"column":null}},"type":"if","locations":[{"start":{"line":10,"column":2},"end":{"line":11,"column":null}},{"start":{},"end":{}}],"line":10},"3":{"loc":{"start":{"line":17,"column":2},"end":{"line":18,"column":null}},"type":"if","locations":[{"start":{"line":17,"column":2},"end":{"line":18,"column":null}},{"start":{},"end":{}}],"line":17},"4":{"loc":{"start":{"line":17,"column":6},"end":{"line":17,"column":54}},"type":"binary-expr","locations":[{"start":{"line":17,"column":6},"end":{"line":17,"column":16}},{"start":{"line":17,"column":16},"end":{"line":17,"column":36}},{"start":{"line":17,"column":36},"end":{"line":17,"column":54}}],"line":17},"5":{"loc":{"start":{"line":20,"column":2},"end":{"line":21,"column":null}},"type":"if","locations":[{"start":{"line":20,"column":2},"end":{"line":21,"column":null}},{"start":{},"end":{}}],"line":20},"6":{"loc":{"start":{"line":27,"column":2},"end":{"line":28,"column":null}},"type":"if","locations":[{"start":{"line":27,"column":2},"end":{"line":28,"column":null}},{"start":{},"end":{}}],"line":27},"7":{"loc":{"start":{"line":27,"column":6},"end":{"line":27,"column":30}},"type":"binary-expr","locations":[{"start":{"line":27,"column":6},"end":{"line":27,"column":14}},{"start":{"line":27,"column":14},"end":{"line":27,"column":30}}],"line":27},"8":{"loc":{"start":{"line":30,"column":2},"end":{"line":31,"column":null}},"type":"if","locations":[{"start":{"line":30,"column":2},"end":{"line":31,"column":null}},{"start":{},"end":{}}],"line":30},"9":{"loc":{"start":{"line":38,"column":2},"end":{"line":39,"column":null}},"type":"if","locations":[{"start":{"line":38,"column":2},"end":{"line":39,"column":null}},{"start":{},"end":{}}],"line":38},"10":{"loc":{"start":{"line":38,"column":6},"end":{"line":38,"column":42}},"type":"binary-expr","locations":[{"start":{"line":38,"column":6},"end":{"line":38,"column":16}},{"start":{"line":38,"column":20},"end":{"line":38,"column":31}},{"start":{"line":38,"column":31},"end":{"line":38,"column":42}}],"line":38},"11":{"loc":{"start":{"line":46,"column":2},"end":{"line":47,"column":null}},"type":"if","locations":[{"start":{"line":46,"column":2},"end":{"line":47,"column":null}},{"start":{},"end":{}}],"line":46},"12":{"loc":{"start":{"line":46,"column":6},"end":{"line":46,"column":43}},"type":"binary-expr","locations":[{"start":{"line":46,"column":6},"end":{"line":46,"column":16}},{"start":{"line":46,"column":20},"end":{"line":46,"column":32}},{"start":{"line":46,"column":32},"end":{"line":46,"column":43}}],"line":46},"13":{"loc":{"start":{"line":54,"column":2},"end":{"line":55,"column":null}},"type":"if","locations":[{"start":{"line":54,"column":2},"end":{"line":55,"column":null}},{"start":{},"end":{}}],"line":54},"14":{"loc":{"start":{"line":54,"column":6},"end":{"line":54,"column":43}},"type":"binary-expr","locations":[{"start":{"line":54,"column":6},"end":{"line":54,"column":16}},{"start":{"line":54,"column":20},"end":{"line":54,"column":33}},{"start":{"line":54,"column":33},"end":{"line":54,"column":43}}],"line":54},"15":{"loc":{"start":{"line":61,"column":2},"end":{"line":62,"column":null}},"type":"if","locations":[{"start":{"line":61,"column":2},"end":{"line":62,"column":null}},{"start":{},"end":{}}],"line":61},"16":{"loc":{"start":{"line":61,"column":6},"end":{"line":61,"column":37}},"type":"binary-expr","locations":[{"start":{"line":61,"column":6},"end":{"line":61,"column":17}},{"start":{"line":61,"column":17},"end":{"line":61,"column":28}},{"start":{"line":61,"column":28},"end":{"line":61,"column":37}}],"line":61},"17":{"loc":{"start":{"line":64,"column":2},"end":{"line":65,"column":null}},"type":"if","locations":[{"start":{"line":64,"column":2},"end":{"line":65,"column":null}},{"start":{},"end":{}}],"line":64},"18":{"loc":{"start":{"line":64,"column":6},"end":{"line":64,"column":28}},"type":"binary-expr","locations":[{"start":{"line":64,"column":6},"end":{"line":64,"column":18}},{"start":{"line":64,"column":18},"end":{"line":64,"column":28}}],"line":64},"19":{"loc":{"start":{"line":71,"column":2},"end":{"line":72,"column":null}},"type":"if","locations":[{"start":{"line":71,"column":2},"end":{"line":72,"column":null}},{"start":{},"end":{}}],"line":71},"20":{"loc":{"start":{"line":71,"column":6},"end":{"line":71,"column":30}},"type":"binary-expr","locations":[{"start":{"line":71,"column":6},"end":{"line":71,"column":14}},{"start":{"line":71,"column":14},"end":{"line":71,"column":30}}],"line":71},"21":{"loc":{"start":{"line":74,"column":2},"end":{"line":75,"column":null}},"type":"if","locations":[{"start":{"line":74,"column":2},"end":{"line":75,"column":null}},{"start":{},"end":{}}],"line":74},"22":{"loc":{"start":{"line":81,"column":2},"end":{"line":82,"column":null}},"type":"if","locations":[{"start":{"line":81,"column":2},"end":{"line":82,"column":null}},{"start":{},"end":{}}],"line":81},"23":{"loc":{"start":{"line":81,"column":6},"end":{"line":81,"column":34}},"type":"binary-expr","locations":[{"start":{"line":81,"column":6},"end":{"line":81,"column":15}},{"start":{"line":81,"column":15},"end":{"line":81,"column":34}}],"line":81},"24":{"loc":{"start":{"line":87,"column":2},"end":{"line":88,"column":null}},"type":"if","locations":[{"start":{"line":87,"column":2},"end":{"line":88,"column":null}},{"start":{},"end":{}}],"line":87},"25":{"loc":{"start":{"line":87,"column":6},"end":{"line":87,"column":51}},"type":"binary-expr","locations":[{"start":{"line":87,"column":6},"end":{"line":87,"column":19}},{"start":{"line":87,"column":23},"end":{"line":87,"column":37}},{"start":{"line":87,"column":37},"end":{"line":87,"column":51}}],"line":87},"26":{"loc":{"start":{"line":90,"column":2},"end":{"line":91,"column":null}},"type":"if","locations":[{"start":{"line":90,"column":2},"end":{"line":91,"column":null}},{"start":{},"end":{}}],"line":90},"27":{"loc":{"start":{"line":90,"column":6},"end":{"line":90,"column":51}},"type":"binary-expr","locations":[{"start":{"line":90,"column":6},"end":{"line":90,"column":19}},{"start":{"line":90,"column":23},"end":{"line":90,"column":37}},{"start":{"line":90,"column":37},"end":{"line":90,"column":51}}],"line":90}},"s":{"0":7,"1":3,"2":4,"3":1,"4":3,"5":0,"6":0,"7":0,"8":0,"9":0,"10":0,"11":0,"12":0,"13":0,"14":0,"15":5,"16":5,"17":3,"18":2,"19":4,"20":4,"21":2,"22":2,"23":4,"24":4,"25":2,"26":2,"27":3,"28":0,"29":3,"30":2,"31":1,"32":0,"33":0,"34":0,"35":0,"36":0,"37":5,"38":1,"39":4,"40":4,"41":4,"42":4,"43":1,"44":3,"45":1,"46":2},"f":{"0":7,"1":0,"2":0,"3":5,"4":4,"5":4,"6":3,"7":0,"8":5},"b":{"0":[3,4],"1":[7,6],"2":[1,3],"3":[0,0],"4":[0,0,0],"5":[0,0],"6":[0,0],"7":[0,0],"8":[0,0],"9":[3,2],"10":[5,4,3],"11":[2,2],"12":[4,4,3],"13":[2,2],"14":[4,4,3],"15":[0,3],"16":[3,3,3],"17":[2,1],"18":[3,2],"19":[0,0],"20":[0,0],"21":[0,0],"22":[1,4],"23":[5,5],"24":[1,3],"25":[4,4,4],"26":[1,2],"27":[3,3,3]},"meta":{"lastBranch":28,"lastFunction":9,"lastStatement":47,"seen":{"f:6:16:6:28":0,"b:7:2:8:Infinity:undefined:undefined:undefined:undefined":0,"s:7:2:8:Infinity":0,"b:7:6:7:15:7:15:7:34":1,"s:8:4:8:Infinity":1,"b:10:2:11:Infinity:undefined:undefined:undefined:undefined":2,"s:10:2:11:Infinity":2,"s:11:4:11:Infinity":3,"s:13:2:13:Infinity":4,"f:16:16:16:32":1,"b:17:2:18:Infinity:undefined:undefined:undefined:undefined":3,"s:17:2:18:Infinity":5,"b:17:6:17:16:17:16:17:36:17:36:17:54":4,"s:18:4:18:Infinity":6,"b:20:2:21:Infinity:undefined:undefined:undefined:undefined":5,"s:20:2:21:Infinity":7,"s:21:4:21:Infinity":8,"s:23:2:23:Infinity":9,"f:26:16:26:36":2,"b:27:2:28:Infinity:undefined:undefined:undefined:undefined":6,"s:27:2:28:Infinity":10,"b:27:6:27:14:27:14:27:30":7,"s:28:4:28:Infinity":11,"b:30:2:31:Infinity:undefined:undefined:undefined:undefined":8,"s:30:2:31:Infinity":12,"s:31:4:31:Infinity":13,"s:33:2:33:Infinity":14,"f:36:16:36:32":3,"s:37:14:37:27":15,"b:38:2:39:Infinity:undefined:undefined:undefined:undefined":9,"s:38:2:39:Infinity":16,"b:38:6:38:16:38:20:38:31:38:31:38:42":10,"s:39:4:39:Infinity":17,"s:41:2:41:Infinity":18,"f:44:16:44:29":4,"s:45:14:45:27":19,"b:46:2:47:Infinity:undefined:undefined:undefined:undefined":11,"s:46:2:47:Infinity":20,"b:46:6:46:16:46:20:46:32:46:32:46:43":12,"s:47:4:47:Infinity":21,"s:49:2:49:Infinity":22,"f:52:16:52:35":5,"s:53:14:53:28":23,"b:54:2:55:Infinity:undefined:undefined:undefined:undefined":13,"s:54:2:55:Infinity":24,"b:54:6:54:16:54:20:54:33:54:33:54:43":14,"s:55:4:55:Infinity":25,"s:57:2:57:Infinity":26,"f:60:16:60:31":6,"b:61:2:62:Infinity:undefined:undefined:undefined:undefined":15,"s:61:2:62:Infinity":27,"b:61:6:61:17:61:17:61:28:61:28:61:37":16,"s:62:4:62:Infinity":28,"b:64:2:65:Infinity:undefined:undefined:undefined:undefined":17,"s:64:2:65:Infinity":29,"b:64:6:64:18:64:18:64:28":18,"s:65:4:65:Infinity":30,"s:67:2:67:Infinity":31,"f:70:16:70:30":7,"b:71:2:72:Infinity:undefined:undefined:undefined:undefined":19,"s:71:2:72:Infinity":32,"b:71:6:71:14:71:14:71:30":20,"s:72:4:72:Infinity":33,"b:74:2:75:Infinity:undefined:undefined:undefined:undefined":21,"s:74:2:75:Infinity":34,"s:75:4:75:Infinity":35,"s:77:2:77:Infinity":36,"f:80:16:80:28":8,"b:81:2:82:Infinity:undefined:undefined:undefined:undefined":22,"s:81:2:82:Infinity":37,"b:81:6:81:15:81:15:81:34":23,"s:82:4:82:Infinity":38,"s:84:21:84:36":39,"s:85:17:85:30":40,"s:86:17:86:30":41,"b:87:2:88:Infinity:undefined:undefined:undefined:undefined":24,"s:87:2:88:Infinity":42,"b:87:6:87:19:87:23:87:37:87:37:87:51":25,"s:88:4:88:Infinity":43,"b:90:2:91:Infinity:undefined:undefined:undefined:undefined":26,"s:90:2:91:Infinity":44,"b:90:6:90:19:90:23:90:37:90:37:90:51":27,"s:91:4:91:Infinity":45,"s:93:2:93:Infinity":46}}}
,"/Users/reidar/Projectos/RFMS/shared/src/fmc/pages/index.ts": {"path":"/Users/reidar/Projectos/RFMS/shared/src/fmc/pages/index.ts","statementMap":{"0":{"start":{"line":14,"column":81},"end":{"line":28,"column":null}},"1":{"start":{"line":29,"column":2},"end":{"line":29,"column":null}}},"fnMap":{"0":{"name":"getPageRenderer","decl":{"start":{"line":13,"column":16},"end":{"line":13,"column":32}},"loc":{"start":{"line":13,"column":91},"end":{"line":29,"column":null}},"line":13}},"branchMap":{"0":{"loc":{"start":{"line":29,"column":9},"end":{"line":29,"column":null}},"type":"binary-expr","locations":[{"start":{"line":29,"column":9},"end":{"line":29,"column":28}},{"start":{"line":29,"column":28},"end":{"line":29,"column":null}}],"line":29}},"s":{"0":0,"1":0},"f":{"0":0},"b":{"0":[0,0]},"meta":{"lastBranch":1,"lastFunction":1,"lastStatement":2,"seen":{"f:13:16:13:32":0,"s:14:81:28:Infinity":0,"s:29:2:29:Infinity":1,"b:29:9:29:28:29:28:29:Infinity":0}}}
,"/Users/reidar/Projectos/RFMS/shared/src/fmc/pages/navigation.ts": {"path":"/Users/reidar/Projectos/RFMS/shared/src/fmc/pages/navigation.ts","statementMap":{"0":{"start":{"line":6,"column":2},"end":{"line":6,"column":null}},"1":{"start":{"line":9,"column":2},"end":{"line":9,"column":null}},"2":{"start":{"line":11,"column":19},"end":{"line":11,"column":null}},"3":{"start":{"line":14,"column":55},"end":{"line":14,"column":null}},"4":{"start":{"line":15,"column":20},"end":{"line":15,"column":null}},"5":{"start":{"line":16,"column":18},"end":{"line":16,"column":null}},"6":{"start":{"line":17,"column":21},"end":{"line":17,"column":71}},"7":{"start":{"line":18,"column":16},"end":{"line":18,"column":null}},"8":{"start":{"line":19,"column":24},"end":{"line":19,"column":63}},"9":{"start":{"line":21,"column":17},"end":{"line":21,"column":null}},"10":{"start":{"line":22,"column":16},"end":{"line":22,"column":null}},"11":{"start":{"line":23,"column":16},"end":{"line":24,"column":null}},"12":{"start":{"line":27,"column":2},"end":{"line":30,"column":null}},"13":{"start":{"line":28,"column":14},"end":{"line":28,"column":null}},"14":{"start":{"line":29,"column":4},"end":{"line":29,"column":null}},"15":{"start":{"line":30,"column":4},"end":{"line":30,"column":null}},"16":{"start":{"line":33,"column":29},"end":{"line":33,"column":null}},"17":{"start":{"line":34,"column":2},"end":{"line":47,"column":null}},"18":{"start":{"line":35,"column":18},"end":{"line":35,"column":null}},"19":{"start":{"line":36,"column":4},"end":{"line":47,"column":null}},"20":{"start":{"line":36,"column":17},"end":{"line":36,"column":20}},"21":{"start":{"line":37,"column":17},"end":{"line":37,"column":null}},"22":{"start":{"line":38,"column":6},"end":{"line":47,"column":null}},"23":{"start":{"line":39,"column":14},"end":{"line":43,"column":null}},"24":{"start":{"line":45,"column":8},"end":{"line":47,"column":null}},"25":{"start":{"line":46,"column":10},"end":{"line":46,"column":null}},"26":{"start":{"line":47,"column":10},"end":{"line":47,"column":null}},"27":{"start":{"line":53,"column":2},"end":{"line":70,"column":null}},"28":{"start":{"line":53,"column":15},"end":{"line":53,"column":18}},"29":{"start":{"line":54,"column":15},"end":{"line":54,"column":null}},"30":{"start":{"line":55,"column":24},"end":{"line":55,"column":null}},"31":{"start":{"line":56,"column":22},"end":{"line":56,"column":null}},"32":{"start":{"line":58,"column":4},"end":{"line":70,"column":null}},"33":{"start":{"line":59,"column":6},"end":{"line":59,"column":null}},"34":{"start":{"line":60,"column":6},"end":{"line":60,"column":null}},"35":{"start":{"line":62,"column":18},"end":{"line":64,"column":null}},"36":{"start":{"line":65,"column":18},"end":{"line":67,"column":null}},"37":{"start":{"line":68,"column":21},"end":{"line":68,"column":null}},"38":{"start":{"line":69,"column":6},"end":{"line":69,"column":null}},"39":{"start":{"line":70,"column":6},"end":{"line":70,"column":null}},"40":{"start":{"line":74,"column":2},"end":{"line":75,"column":null}},"41":{"start":{"line":75,"column":4},"end":{"line":75,"column":null}},"42":{"start":{"line":78,"column":2},"end":{"line":83,"column":null}},"43":{"start":{"line":87,"column":14},"end":{"line":87,"column":58}},"44":{"start":{"line":88,"column":2},"end":{"line":94,"column":null}},"45":{"start":{"line":89,"column":24},"end":{"line":89,"column":null}},"46":{"start":{"line":90,"column":24},"end":{"line":90,"column":null}},"47":{"start":{"line":92,"column":6},"end":{"line":92,"column":null}},"48":{"start":{"line":94,"column":6},"end":{"line":94,"column":null}},"49":{"start":{"line":99,"column":49},"end":{"line":99,"column":51}},"50":{"start":{"line":100,"column":40},"end":{"line":100,"column":null}},"51":{"start":{"line":101,"column":18},"end":{"line":101,"column":null}},"52":{"start":{"line":102,"column":16},"end":{"line":102,"column":null}},"53":{"start":{"line":103,"column":20},"end":{"line":103,"column":null}},"54":{"start":{"line":104,"column":21},"end":{"line":104,"column":71}},"55":{"start":{"line":105,"column":20},"end":{"line":105,"column":63}},"56":{"start":{"line":107,"column":2},"end":{"line":110,"column":null}},"57":{"start":{"line":107,"column":15},"end":{"line":107,"column":18}},"58":{"start":{"line":108,"column":24},"end":{"line":108,"column":null}},"59":{"start":{"line":109,"column":4},"end":{"line":109,"column":null}},"60":{"start":{"line":110,"column":4},"end":{"line":110,"column":null}},"61":{"start":{"line":113,"column":2},"end":{"line":118,"column":null}},"62":{"start":{"line":114,"column":4},"end":{"line":115,"column":null}},"63":{"start":{"line":115,"column":6},"end":{"line":115,"column":null}},"64":{"start":{"line":117,"column":4},"end":{"line":118,"column":null}},"65":{"start":{"line":118,"column":6},"end":{"line":118,"column":null}},"66":{"start":{"line":122,"column":2},"end":{"line":122,"column":null}},"67":{"start":{"line":126,"column":53},"end":{"line":126,"column":null}},"68":{"start":{"line":127,"column":17},"end":{"line":127,"column":null}},"69":{"start":{"line":128,"column":15},"end":{"line":128,"column":null}},"70":{"start":{"line":130,"column":17},"end":{"line":130,"column":null}},"71":{"start":{"line":131,"column":16},"end":{"line":131,"column":null}},"72":{"start":{"line":132,"column":20},"end":{"line":132,"column":54}},"73":{"start":{"line":134,"column":19},"end":{"line":134,"column":null}},"74":{"start":{"line":135,"column":21},"end":{"line":135,"column":null}},"75":{"start":{"line":136,"column":23},"end":{"line":136,"column":null}},"76":{"start":{"line":137,"column":18},"end":{"line":137,"column":null}},"77":{"start":{"line":139,"column":2},"end":{"line":156,"column":null}},"78":{"start":{"line":140,"column":4},"end":{"line":145,"column":null}},"79":{"start":{"line":141,"column":22},"end":{"line":141,"column":56}},"80":{"start":{"line":142,"column":6},"end":{"line":145,"column":null}},"81":{"start":{"line":143,"column":8},"end":{"line":143,"column":null}},"82":{"start":{"line":145,"column":8},"end":{"line":145,"column":null}},"83":{"start":{"line":148,"column":4},"end":{"line":149,"column":null}},"84":{"start":{"line":149,"column":6},"end":{"line":149,"column":null}},"85":{"start":{"line":151,"column":4},"end":{"line":152,"column":null}},"86":{"start":{"line":152,"column":6},"end":{"line":152,"column":null}},"87":{"start":{"line":154,"column":4},"end":{"line":156,"column":null}},"88":{"start":{"line":155,"column":17},"end":{"line":155,"column":56}},"89":{"start":{"line":156,"column":6},"end":{"line":156,"column":null}},"90":{"start":{"line":160,"column":19},"end":{"line":160,"column":null}},"91":{"start":{"line":161,"column":2},"end":{"line":170,"column":null}},"92":{"start":{"line":162,"column":19},"end":{"line":162,"column":null}},"93":{"start":{"line":163,"column":4},"end":{"line":170,"column":null}},"94":{"start":{"line":164,"column":12},"end":{"line":168,"column":null}},"95":{"start":{"line":170,"column":6},"end":{"line":170,"column":null}},"96":{"start":{"line":174,"column":2},"end":{"line":196,"column":null}},"97":{"start":{"line":200,"column":32},"end":{"line":200,"column":null}},"98":{"start":{"line":201,"column":12},"end":{"line":201,"column":null}},"99":{"start":{"line":202,"column":17},"end":{"line":202,"column":null}},"100":{"start":{"line":203,"column":17},"end":{"line":203,"column":null}},"101":{"start":{"line":204,"column":18},"end":{"line":204,"column":null}},"102":{"start":{"line":205,"column":18},"end":{"line":205,"column":null}},"103":{"start":{"line":206,"column":17},"end":{"line":206,"column":null}},"104":{"start":{"line":208,"column":2},"end":{"line":241,"column":null}},"105":{"start":{"line":245,"column":18},"end":{"line":245,"column":null}},"106":{"start":{"line":246,"column":17},"end":{"line":246,"column":null}},"107":{"start":{"line":247,"column":17},"end":{"line":249,"column":null}},"108":{"start":{"line":250,"column":16},"end":{"line":252,"column":null}},"109":{"start":{"line":254,"column":2},"end":{"line":282,"column":null}}},"fnMap":{"0":{"name":"fmt","decl":{"start":{"line":5,"column":9},"end":{"line":5,"column":13}},"loc":{"start":{"line":5,"column":173},"end":{"line":6,"column":null}},"line":5},"1":{"name":"inverse","decl":{"start":{"line":8,"column":9},"end":{"line":8,"column":17}},"loc":{"start":{"line":8,"column":177},"end":{"line":9,"column":null}},"line":8},"2":{"name":"blank","decl":{"start":{"line":11,"column":9},"end":{"line":11,"column":17}},"loc":{"start":{"line":11,"column":17},"end":{"line":11,"column":null}},"line":11},"3":{"name":"renderLegsPage","decl":{"start":{"line":13,"column":16},"end":{"line":13,"column":31}},"loc":{"start":{"line":13,"column":61},"end":{"line":83,"column":null}},"line":13},"4":{"name":"formatAltitude","decl":{"start":{"line":86,"column":9},"end":{"line":86,"column":24}},"loc":{"start":{"line":86,"column":100},"end":{"line":94,"column":null}},"line":86},"5":{"name":"getLegsLskActions","decl":{"start":{"line":98,"column":9},"end":{"line":98,"column":27}},"loc":{"start":{"line":98,"column":75},"end":{"line":122,"column":null}},"line":98},"6":{"name":"renderProgressPage","decl":{"start":{"line":125,"column":16},"end":{"line":125,"column":35}},"loc":{"start":{"line":125,"column":65},"end":{"line":196,"column":null}},"line":125},"7":{"name":"renderHoldPage","decl":{"start":{"line":199,"column":16},"end":{"line":199,"column":31}},"loc":{"start":{"line":199,"column":61},"end":{"line":241,"column":null}},"line":199},"8":{"name":"renderFixPage","decl":{"start":{"line":244,"column":16},"end":{"line":244,"column":30}},"loc":{"start":{"line":244,"column":60},"end":{"line":282,"column":null}},"line":244}},"branchMap":{"0":{"loc":{"start":{"line":5,"column":27},"end":{"line":5,"column":46}},"type":"default-arg","locations":[{"start":{"line":5,"column":42},"end":{"line":5,"column":46}}],"line":5},"1":{"loc":{"start":{"line":5,"column":46},"end":{"line":5,"column":66}},"type":"default-arg","locations":[{"start":{"line":5,"column":62},"end":{"line":5,"column":66}}],"line":5},"2":{"loc":{"start":{"line":8,"column":31},"end":{"line":8,"column":50}},"type":"default-arg","locations":[{"start":{"line":8,"column":46},"end":{"line":8,"column":50}}],"line":8},"3":{"loc":{"start":{"line":8,"column":50},"end":{"line":8,"column":70}},"type":"default-arg","locations":[{"start":{"line":8,"column":66},"end":{"line":8,"column":70}}],"line":8},"4":{"loc":{"start":{"line":22,"column":16},"end":{"line":22,"column":null}},"type":"cond-expr","locations":[{"start":{"line":22,"column":25},"end":{"line":22,"column":35}},{"start":{"line":22,"column":35},"end":{"line":22,"column":null}}],"line":22},"5":{"loc":{"start":{"line":27,"column":2},"end":{"line":30,"column":null}},"type":"if","locations":[{"start":{"line":27,"column":2},"end":{"line":30,"column":null}},{"start":{},"end":{}}],"line":27},"6":{"loc":{"start":{"line":34,"column":2},"end":{"line":47,"column":null}},"type":"if","locations":[{"start":{"line":34,"column":2},"end":{"line":47,"column":null}},{"start":{},"end":{}}],"line":34},"7":{"loc":{"start":{"line":34,"column":6},"end":{"line":34,"column":47}},"type":"binary-expr","locations":[{"start":{"line":34,"column":6},"end":{"line":34,"column":23}},{"start":{"line":34,"column":23},"end":{"line":34,"column":47}}],"line":34},"8":{"loc":{"start":{"line":38,"column":6},"end":{"line":47,"column":null}},"type":"if","locations":[{"start":{"line":38,"column":6},"end":{"line":47,"column":null}},{"start":{},"end":{}}],"line":38},"9":{"loc":{"start":{"line":38,"column":10},"end":{"line":38,"column":56}},"type":"binary-expr","locations":[{"start":{"line":38,"column":10},"end":{"line":38,"column":34}},{"start":{"line":38,"column":34},"end":{"line":38,"column":56}}],"line":38},"10":{"loc":{"start":{"line":45,"column":8},"end":{"line":47,"column":null}},"type":"if","locations":[{"start":{"line":45,"column":8},"end":{"line":47,"column":null}},{"start":{},"end":{}}],"line":45},"11":{"loc":{"start":{"line":58,"column":4},"end":{"line":70,"column":null}},"type":"if","locations":[{"start":{"line":58,"column":4},"end":{"line":70,"column":null}},{"start":{"line":61,"column":11},"end":{"line":70,"column":null}}],"line":58},"12":{"loc":{"start":{"line":62,"column":18},"end":{"line":64,"column":null}},"type":"cond-expr","locations":[{"start":{"line":63,"column":10},"end":{"line":63,"column":47}},{"start":{"line":64,"column":10},"end":{"line":64,"column":null}}],"line":62},"13":{"loc":{"start":{"line":65,"column":18},"end":{"line":67,"column":null}},"type":"cond-expr","locations":[{"start":{"line":66,"column":10},"end":{"line":66,"column":null}},{"start":{"line":67,"column":10},"end":{"line":67,"column":null}}],"line":65},"14":{"loc":{"start":{"line":68,"column":21},"end":{"line":68,"column":null}},"type":"cond-expr","locations":[{"start":{"line":68,"column":33},"end":{"line":68,"column":39}},{"start":{"line":68,"column":39},"end":{"line":68,"column":null}}],"line":68},"15":{"loc":{"start":{"line":79,"column":11},"end":{"line":79,"column":null}},"type":"cond-expr","locations":[{"start":{"line":79,"column":20},"end":{"line":79,"column":34}},{"start":{"line":79,"column":34},"end":{"line":79,"column":null}}],"line":79},"16":{"loc":{"start":{"line":88,"column":2},"end":{"line":94,"column":null}},"type":"switch","locations":[{"start":{"line":89,"column":4},"end":{"line":89,"column":null}},{"start":{"line":90,"column":4},"end":{"line":90,"column":null}},{"start":{"line":91,"column":4},"end":{"line":92,"column":null}},{"start":{"line":93,"column":4},"end":{"line":94,"column":null}}],"line":88},"17":{"loc":{"start":{"line":92,"column":13},"end":{"line":92,"column":null}},"type":"cond-expr","locations":[{"start":{"line":92,"column":36},"end":{"line":92,"column":96}},{"start":{"line":92,"column":96},"end":{"line":92,"column":null}}],"line":92},"18":{"loc":{"start":{"line":113,"column":2},"end":{"line":118,"column":null}},"type":"if","locations":[{"start":{"line":113,"column":2},"end":{"line":118,"column":null}},{"start":{},"end":{}}],"line":113},"19":{"loc":{"start":{"line":114,"column":4},"end":{"line":115,"column":null}},"type":"if","locations":[{"start":{"line":114,"column":4},"end":{"line":115,"column":null}},{"start":{},"end":{}}],"line":114},"20":{"loc":{"start":{"line":117,"column":4},"end":{"line":118,"column":null}},"type":"if","locations":[{"start":{"line":117,"column":4},"end":{"line":118,"column":null}},{"start":{},"end":{}}],"line":117},"21":{"loc":{"start":{"line":127,"column":17},"end":{"line":127,"column":null}},"type":"binary-expr","locations":[{"start":{"line":127,"column":17},"end":{"line":127,"column":38}},{"start":{"line":127,"column":38},"end":{"line":127,"column":null}}],"line":127},"22":{"loc":{"start":{"line":128,"column":15},"end":{"line":128,"column":null}},"type":"binary-expr","locations":[{"start":{"line":128,"column":15},"end":{"line":128,"column":41}},{"start":{"line":128,"column":41},"end":{"line":128,"column":null}}],"line":128},"23":{"loc":{"start":{"line":131,"column":16},"end":{"line":131,"column":null}},"type":"cond-expr","locations":[{"start":{"line":131,"column":25},"end":{"line":131,"column":39}},{"start":{"line":131,"column":39},"end":{"line":131,"column":null}}],"line":131},"24":{"loc":{"start":{"line":134,"column":19},"end":{"line":134,"column":null}},"type":"cond-expr","locations":[{"start":{"line":134,"column":40},"end":{"line":134,"column":88}},{"start":{"line":134,"column":88},"end":{"line":134,"column":null}}],"line":134},"25":{"loc":{"start":{"line":139,"column":2},"end":{"line":156,"column":null}},"type":"if","locations":[{"start":{"line":139,"column":2},"end":{"line":156,"column":null}},{"start":{},"end":{}}],"line":139},"26":{"loc":{"start":{"line":140,"column":4},"end":{"line":145,"column":null}},"type":"if","locations":[{"start":{"line":140,"column":4},"end":{"line":145,"column":null}},{"start":{},"end":{}}],"line":140},"27":{"loc":{"start":{"line":142,"column":6},"end":{"line":145,"column":null}},"type":"if","locations":[{"start":{"line":142,"column":6},"end":{"line":145,"column":null}},{"start":{"line":144,"column":13},"end":{"line":145,"column":null}}],"line":142},"28":{"loc":{"start":{"line":148,"column":4},"end":{"line":149,"column":null}},"type":"if","locations":[{"start":{"line":148,"column":4},"end":{"line":149,"column":null}},{"start":{},"end":{}}],"line":148},"29":{"loc":{"start":{"line":151,"column":4},"end":{"line":152,"column":null}},"type":"if","locations":[{"start":{"line":151,"column":4},"end":{"line":152,"column":null}},{"start":{},"end":{}}],"line":151},"30":{"loc":{"start":{"line":154,"column":4},"end":{"line":156,"column":null}},"type":"if","locations":[{"start":{"line":154,"column":4},"end":{"line":156,"column":null}},{"start":{},"end":{}}],"line"
[...]
:25:326:54":204,"s:326:54:326:70":205,"s:326:70:326:Infinity":206,"s:327:24:327:52":207,"s:327:52:327:68":208,"s:327:68:327:Infinity":209,"s:328:27:328:55":210,"s:328:55:328:71":211,"s:328:71:328:Infinity":212,"s:329:24:329:53":213,"s:329:53:329:69":214,"s:329:69:329:Infinity":215,"s:330:24:330:53":216,"s:330:53:330:69":217,"s:330:69:330:Infinity":218,"b:333:4:347:Infinity:undefined:undefined:undefined:undefined":54,"s:333:4:347:Infinity":219,"b:333:8:333:20:333:20:333:50":55,"s:334:22:334:75":220,"b:335:6:347:Infinity:undefined:undefined:undefined:undefined":56,"s:335:6:347:Infinity":221,"s:336:25:336:Infinity":222,"s:337:24:337:48":223,"b:338:8:347:Infinity:341:15:347:Infinity":57,"s:338:8:347:Infinity":224,"b:338:12:338:40:338:40:338:58":58,"s:339:10:339:Infinity":225,"s:340:10:340:Infinity":226,"b:341:15:347:Infinity:undefined:undefined:undefined:undefined":59,"s:341:15:347:Infinity":227,"b:342:10:345:Infinity:344:17:345:Infinity":60,"s:342:10:345:Infinity":228,"s:343:12:343:Infinity":229,"s:345:12:345:Infinity":230,"s:347:10:347:Infinity":231,"s:353:39:353:41":232,"b:355:4:574:Infinity:undefined:undefined:undefined:undefined":61,"s:355:4:574:Infinity":233,"b:357:8:363:Infinity:364:6:366:Infinity:367:6:373:Infinity:374:6:376:Infinity:377:6:379:Infinity:380:6:382:Infinity:383:6:390:Infinity:391:6:398:Infinity:399:6:404:Infinity:405:6:407:Infinity:408:6:411:Infinity:412:6:414:Infinity:415:6:417:Infinity:418:6:420:Infinity:421:6:423:Infinity:424:6:431:Infinity:432:6:439:Infinity:440:6:447:Infinity:448:6:450:Infinity:451:6:457:Infinity:458:6:467:Infinity:468:6:470:Infinity:472:6:478:Infinity:479:6:481:Infinity:482:6:484:Infinity:485:6:487:Infinity:488:6:493:Infinity:494:6:496:Infinity:497:6:499:Infinity:500:6:502:Infinity:503:6:505:Infinity:506:6:508:Infinity:509:6:511:Infinity:512:6:514:Infinity:515:6:516:Infinity:517:6:523:Infinity:524:6:534:Infinity:535:6:542:Infinity:543:6:550:Infinity:551:6:558:Infinity:559:6:566:Infinity:567:6:574:Infinity":62,"s:356:6:574:Infinity":234,"b:358:8:361:Infinity:undefined:undefined:undefined:undefined":63,"s:358:8:361:Infinity":235,"s:359:16:359:62":236,"b:360:10:360:Infinity:undefined:undefined:undefined:undefined":64,"s:360:10:360:Infinity":237,"s:360:31:360:71":238,"s:360:71:360:Infinity":239,"s:361:10:361:Infinity":240,"s:363:8:363:Infinity":241,"b:365:8:365:Infinity:undefined:undefined:undefined:undefined":65,"s:365:8:365:Infinity":242,"s:365:24:365:Infinity":243,"s:366:8:366:Infinity":244,"b:368:8:371:Infinity:undefined:undefined:undefined:undefined":66,"s:368:8:371:Infinity":245,"s:369:16:369:52":246,"b:370:10:370:Infinity:undefined:undefined:undefined:undefined":67,"s:370:10:370:Infinity":247,"s:370:31:370:71":248,"s:370:71:370:Infinity":249,"s:371:10:371:Infinity":250,"b:371:64:371:94:371:94:371:114:371:118:371:121":68,"s:373:8:373:Infinity":251,"b:375:8:375:Infinity:undefined:undefined:undefined:undefined":69,"s:375:8:375:Infinity":252,"s:375:24:375:Infinity":253,"b:375:81:375:101:375:105:375:108":70,"s:376:8:376:Infinity":254,"b:378:8:378:Infinity:undefined:undefined:undefined:undefined":71,"s:378:8:378:Infinity":255,"s:378:24:378:Infinity":256,"b:378:75:378:108:378:108:378:111":72,"s:379:8:379:Infinity":257,"b:381:8:381:Infinity:undefined:undefined:undefined:undefined":73,"s:381:8:381:Infinity":258,"s:381:24:381:Infinity":259,"b:381:79:381:112:381:112:381:115":74,"s:382:8:382:Infinity":260,"b:384:8:388:Infinity:undefined:undefined:undefined:undefined":75,"s:384:8:388:Infinity":261,"s:385:16:385:62":262,"b:386:10:386:Infinity:undefined:undefined:undefined:undefined":76,"s:386:10:386:Infinity":263,"s:386:31:386:71":264,"s:386:71:386:Infinity":265,"s:387:10:387:Infinity":266,"s:388:10:388:Infinity":267,"s:390:8:390:Infinity":268,"b:392:8:396:Infinity:undefined:undefined:undefined:undefined":77,"s:392:8:396:Infinity":269,"s:393:16:393:62":270,"b:394:10:394:Infinity:undefined:undefined:undefined:undefined":78,"s:394:10:394:Infinity":271,"s:394:31:394:71":272,"s:394:71:394:Infinity":273,"s:395:10:395:Infinity":274,"s:396:10:396:Infinity":275,"s:398:8:398:Infinity":276,"b:400:8:402:Infinity:undefined:undefined:undefined:undefined":79,"s:400:8:402:Infinity":277,"s:401:10:401:Infinity":278,"s:402:10:402:Infinity":279,"s:404:8:404:Infinity":280,"b:406:8:406:Infinity:undefined:undefined:undefined:undefined":80,"s:406:8:406:Infinity":281,"s:406:24:406:Infinity":282,"s:407:8:407:Infinity":283,"b:409:8:410:Infinity:410:13:410:Infinity":81,"s:409:8:410:Infinity":284,"s:409:24:409:Infinity":285,"s:410:13:410:Infinity":286,"s:411:8:411:Infinity":287,"s:413:8:413:Infinity":288,"s:414:8:414:Infinity":289,"s:416:8:416:Infinity":290,"s:417:8:417:Infinity":291,"b:419:8:419:Infinity:undefined:undefined:undefined:undefined":82,"s:419:8:419:Infinity":292,"s:419:24:419:Infinity":293,"s:420:8:420:Infinity":294,"b:422:8:422:Infinity:undefined:undefined:undefined:undefined":83,"s:422:8:422:Infinity":295,"s:422:24:422:Infinity":296,"s:423:8:423:Infinity":297,"b:425:8:429:Infinity:undefined:undefined:undefined:undefined":84,"s:425:8:429:Infinity":298,"s:426:21:426:Infinity":299,"b:426:21:426:41:426:45:426:Infinity":85,"s:427:16:427:49":300,"b:428:10:428:Infinity:undefined:undefined:undefined:undefined":86,"s:428:10:428:Infinity":301,"s:428:31:428:71":302,"s:428:71:428:Infinity":303,"s:429:10:429:Infinity":304,"s:431:8:431:Infinity":305,"b:433:8:437:Infinity:undefined:undefined:undefined:undefined":87,"s:433:8:437:Infinity":306,"s:434:21:434:Infinity":307,"b:434:21:434:41:434:45:434:Infinity":88,"s:435:16:435:49":308,"b:436:10:436:Infinity:undefined:undefined:undefined:undefined":89,"s:436:10:436:Infinity":309,"s:436:31:436:71":310,"s:436:71:436:Infinity":311,"s:437:10:437:Infinity":312,"s:439:8:439:Infinity":313,"b:441:8:445:Infinity:undefined:undefined:undefined:undefined":90,"s:441:8:445:Infinity":314,"s:442:21:442:Infinity":315,"b:442:21:442:41:442:45:442:Infinity":91,"s:443:16:443:49":316,"b:444:10:444:Infinity:undefined:undefined:undefined:undefined":92,"s:444:10:444:Infinity":317,"s:444:31:444:71":318,"s:444:71:444:Infinity":319,"s:445:10:445:Infinity":320,"s:447:8:447:Infinity":321,"b:449:8:449:Infinity:undefined:undefined:undefined:undefined":93,"s:449:8:449:Infinity":322,"s:449:24:449:Infinity":323,"b:449:68:449:90:449:94:449:97":94,"s:450:8:450:Infinity":324,"b:452:8:455:Infinity:undefined:undefined:undefined:undefined":95,"s:452:8:455:Infinity":325,"s:453:16:453:55":326,"b:454:10:454:Infinity:undefined:undefined:undefined:undefined":96,"s:454:10:454:Infinity":327,"s:454:31:454:71":328,"s:454:71:454:Infinity":329,"s:455:10:455:Infinity":330,"b:455:53:455:73:455:77:455:80":97,"s:457:8:457:Infinity":331,"b:459:8:464:Infinity:undefined:undefined:undefined:undefined":98,"s:459:8:464:Infinity":332,"s:460:16:460:48":333,"b:461:10:461:Infinity:undefined:undefined:undefined:undefined":99,"s:461:10:461:Infinity":334,"s:461:31:461:71":335,"s:461:71:461:Infinity":336,"s:462:24:462:45":337,"b:463:10:464:Infinity:undefined:undefined:undefined:undefined":100,"s:463:10:464:Infinity":338,"s:464:12:464:Infinity":339,"b:464:59:464:77:464:81:464:84":101,"b:464:95:464:113:464:117:464:120":102,"s:467:8:467:Infinity":340,"b:469:8:469:Infinity:undefined:undefined:undefined:undefined":103,"s:469:8:469:Infinity":341,"s:469:24:469:Infinity":342,"b:469:67:469:97:469:97:469:129:469:129:469:132":104,"s:470:8:470:Infinity":343,"b:473:8:476:Infinity:undefined:undefined:undefined:undefined":105,"s:473:8:476:Infinity":344,"b:473:12:473:26:473:26:473:50":106,"s:474:29:474:64":345,"s:475:10:475:Infinity":346,"s:476:10:476:Infinity":347,"s:478:8:478:Infinity":348,"b:480:8:480:Infinity:undefined:undefined:undefined:undefined":107,"s:480:8:480:Infinity":349,"s:480:24:480:Infinity":350,"b:480:78:480:108:480:108:480:128:480:132:480:135":108,"s:481:8:481:Infinity":351,"b:483:8:483:Infinity:undefined:undefined:undefined:undefined":109,"s:483:8:483:Infinity":352,"s:483:24:483:Infinity":353,"s:484:8:484:Infinity":354,"b:486:8:486:Infinity:undefined:undefined:undefined:undefined":110,"s:486:8:486:Infinity":355,"s:486:24:486:Infinity":356,"b:486:76:486:109:486:109:486:112":111,"s:487:8:487:Infinity":357,"b:489:8:491:Infinity:undefined:undefined:undefined:undefined":112,"s:489:8:491:Infinity":358,"s:490:10:490:Infinity":359,"s:491:10:491:Infinity":360,"s:493:8:493:Infinity":361,"b:495:8:495:Infinity:undefined:undefined:undefined:undefined":113,"s:495:8:495:Infinity":362,"s:495:24:495:Infinity":363,"s:496:8:496:Infinity":364,"b:498:8:498:Infinity:undefined:undefined:undefined:undefined":114,"s:498:8:498:Infinity":365,"s:498:24:498:Infinity":366,"s:499:8:499:Infinity":367,"b:501:8:501:Infinity:undefined:undefined:undefined:undefined":115,"s:501:8:501:Infinity":368,"s:501:24:501:Infinity":369,"s:502:8:502:Infinity":370,"b:504:8:504:Infinity:undefined:undefined:undefined:undefined":116,"s:504:8:504:Infinity":371,"s:504:24:504:Infinity":372,"s:505:8:505:Infinity":373,"b:507:8:507:Infinity:undefined:undefined:undefined:undefined":117,"s:507:8:507:Infinity":374,"s:507:24:507:Infinity":375,"s:508:8:508:Infinity":376,"b:510:8:510:Infinity:undefined:undefined:undefined:undefined":118,"s:510:8:510:Infinity":377,"s:510:24:510:Infinity":378,"b:510:72:510:92:510:96:510:99":119,"s:511:8:511:Infinity":379,"b:513:8:513:Infinity:undefined:undefined:undefined:undefined":120,"s:513:8:513:Infinity":380,"s:513:24:513:Infinity":381,"b:513:74:513:96:513:100:513:103":121,"s:514:8:514:Infinity":382,"s:516:8:516:Infinity":383,"b:518:8:521:Infinity:undefined:undefined:undefined:undefined":122,"s:518:8:521:Infinity":384,"s:519:16:519:62":385,"b:520:10:520:Infinity:undefined:undefined:undefined:undefined":123,"s:520:10:520:Infinity":386,"s:520:31:520:71":387,"s:520:71:520:Infinity":388,"s:521:10:521:Infinity":389,"s:523:8:523:Infinity":390,"b:525:8:532:Infinity:undefined:undefined:undefined:undefined":124,"s:525:8:532:Infinity":391,"s:526:24:526:45":392,"b:527:10:527:Infinity:undefined:undefined:undefined:undefined":125,"s:527:10:527:Infinity":393,"s:527:36:527:80":394,"s:527:80:527:Infinity":395,"s:528:25:528:47":396,"s:529:27:529:49":397,"b:530:10:530:Infinity:undefined:undefined:undefined:undefined":126,"s:530:10:530:Infinity":398,"b:530:14:530:27:530:31:530:45:530:45:530:59":127,"s:530:61:530:105":399,"s:530:105:530:Infinity":400,"b:531:10:531:Infinity:undefined:undefined:undefined:undefined":128,"s:531:10:531:Infinity":401,"b:531:14:531:29:531:33:531:49:531:49:531:65":129,"s:531:67:531:113":402,"s:531:113:531:Infinity":403,"s:532:10:532:Infinity":404,"s:534:8:534:Infinity":405,"b:536:8:540:Infinity:undefined:undefined:undefined:undefined":130,"s:536:8:540:Infinity":406,"s:537:16:537:66":407,"b:538:10:538:Infinity:undefined:undefined:undefined:undefined":131,"s:538:10:538:Infinity":408,"s:538:31:538:71":409,"s:538:71:538:Infinity":410,"s:539:10:539:Infinity":411,"s:540:10:540:Infinity":412,"s:542:8:542:Infinity":413,"b:544:8:548:Infinity:undefined:undefined:undefined:undefined":132,"s:544:8:548:Infinity":414,"s:545:22:545:46":415,"b:546:10:546:Infinity:undefined:undefined:undefined:undefined":133,"s:546:10:546:Infinity":416,"b:546:14:546:24:546:28:546:39:546:39:546:50":134,"s:546:52:546:94":417,"s:546:94:546:Infinity":418,"s:547:10:547:Infinity":419,"s:548:10:548:Infinity":420,"s:550:8:550:Infinity":421,"b:552:8:556:Infinity:undefined:undefined:undefined:undefined":135,"s:552:8:556:Infinity":422,"s:553:23:553:45":423,"b:554:10:554:Infinity:undefined:undefined:undefined:undefined":136,"s:554:10:554:Infinity":424,"b:554:14:554:25:554:29:554:43:554:43:554:56":137,"s:554:58:554:100":425,"s:554:100:554:Infinity":426,"s:555:10:555:Infinity":427,"s:556:10:556:Infinity":428,"s:558:8:558:Infinity":429,"b:560:8:564:Infinity:undefined:undefined:undefined:undefined":138,"s:560:8:564:Infinity":430,"s:561:23:561:45":431,"b:562:10:562:Infinity:undefined:undefined:undefined:undefined":139,"s:562:10:562:Infinity":432,"b:562:14:562:25:562:29:562:41:562:41:562:53":140,"s:562:55:562:97":433,"s:562:97:562:Infinity":434,"s:563:10:563:Infinity":435,"s:564:10:564:Infinity":436,"s:566:8:566:Infinity":437,"s:569:23:569:Infinity":438,"b:569:23:569:44:569:44:569:Infinity":141,"s:570:26:570:Infinity":439,"b:570:51:570:57:570:57:570:Infinity":142,"s:571:10:571:Infinity":440,"s:572:10:572:Infinity":441,"s:574:8:574:Infinity":442,"b:578:4:579:Infinity:undefined:undefined:undefined:undefined":143,"s:578:4:579:Infinity":443,"s:579:6:579:Infinity":444,"s:583:31:583:36":445,"b:584:4:594:Infinity:undefined:undefined:undefined:undefined":144,"s:584:4:594:Infinity":446,"s:585:23:585:65":447,"b:585:36:585:62:585:62:585:65":145,"b:586:6:594:Infinity:undefined:undefined:undefined:undefined":146,"s:586:6:594:Infinity":448,"s:587:21:587:Infinity":449,"b:588:8:594:Infinity:undefined:undefined:undefined:undefined":147,"s:588:8:594:Infinity":450,"s:589:32:589:Infinity":451,"s:590:33:590:Infinity":452,"b:590:49:590:74:590:77:590:Infinity":148,"b:591:10:594:Infinity:593:17:594:Infinity":149,"s:591:10:594:Infinity":453,"b:591:14:591:31:591:31:591:47":150,"s:592:12:592:Infinity":454,"s:594:12:594:Infinity":455,"f:601:2:601:25":8,"s:602:4:602:Infinity":456,"f:605:2:605:19":9,"s:606:18:606:23":457,"b:607:4:633:Infinity:undefined:undefined:undefined:undefined":151,"s:607:4:633:Infinity":458,"b:607:8:607:44:607:44:607:67":152,"s:608:25:608:48":459,"s:609:18:609:Infinity":460,"s:613:23:613:54":461,"s:614:23:614:54":462,"s:615:24:615:64":463,"b:617:6:629:Infinity:622:13:629:Infinity":153,"s:617:6:629:Infinity":464,"s:618:20:618:46":465,"s:619:20:619:46":466,"s:620:8:620:Infinity":467,"b:620:57:620:63:620:63:620:74":154,"s:621:8:621:Infinity":468,"b:622:13:629:Infinity:624:13:629:Infinity":155,"s:622:13:629:Infinity":469,"s:623:8:623:Infinity":470,"b:624:13:629:Infinity:627:13:629:Infinity":156,"s:624:13:629:Infinity":471,"s:625:20:625:45":472,"s:626:8:626:Infinity":473,"b:626:57:626:63:626:63:626:74":157,"s:628:8:628:Infinity":474,"s:629:8:629:Infinity":475,"s:632:6:632:Infinity":476,"s:633:6:633:Infinity":477,"s:636:43:636:45":478,"b:637:4:639:Infinity:undefined:undefined:undefined:undefined":158,"s:637:4:639:Infinity":479,"s:638:6:638:Infinity":480,"s:639:6:639:Infinity":481,"b:642:4:645:Infinity:undefined:undefined:undefined:undefined":159,"s:642:4:645:Infinity":482,"s:643:6:643:Infinity":483,"s:644:6:644:Infinity":484,"s:645:6:645:Infinity":485,"b:648:4:649:Infinity:undefined:undefined:undefined:undefined":160,"s:648:4:649:Infinity":486,"s:649:6:649:Infinity":487,"f:653:2:653:24":10,"s:654:18:654:23":488,"b:655:4:675:Infinity:undefined:undefined:undefined:undefined":161,"s:655:4:675:Infinity":489,"s:656:6:675:Infinity":490,"b:677:4:683:Infinity:undefined:undefined:undefined:undefined":162,"s:677:4:683:Infinity":491,"s:678:6:683:Infinity":492,"b:685:4:687:Infinity:undefined:undefined:undefined:undefined":163,"s:685:4:687:Infinity":493,"s:686:12:686:70":494,"b:687:6:687:Infinity:undefined:undefined:undefined:undefined":164,"s:687:6:687:Infinity":495,"s:687:20:687:Infinity":496,"s:689:10:689:62":497,"s:690:4:690:Infinity":498,"b:690:22:690:37:690:37:690:71":165,"f:693:2:693:12":11,"s:693:30:693:43":499,"f:694:2:694:24":12,"s:694:53:694:86":500,"f:695:2:695:22":13,"s:695:47:695:76":501,"f:696:2:696:29":14,"s:696:77:696:93":502,"f:697:2:697:20":15,"s:697:58:699:5":503,"f:697:58:697:63":16,"s:697:74:698:Infinity":504,"f:700:2:700:21":17,"s:700:58:700:87":505,"f:701:2:701:25":18,"s:701:121:705:4":506,"b:703:27:703:43:703:43:703:45":166,"b:704:27:704:43:704:43:704:Infinity":167,"f:706:2:706:26":19,"s:706:51:706:76":507,"f:707:2:707:19":20,"s:707:37:707:124":508,"b:707:65:707:77:707:77:707:123":168,"b:707:95:707:111:707:111:707:123":169,"f:708:2:708:26":21,"s:708:26:708:71":509,"f:710:2:710:19":22,"s:711:4:715:Infinity":510,"f:711:4:711:9":23,"s:711:20:715:7":511,"b:713:39:713:54:713:54:713:74":170,"b:713:87:713:107:713:107:713:132":171,"b:713:145:713:159:713:159:713:184":172,"f:718:2:718:20":24,"s:718:20:718:37":512,"f:720:2:720:19":25,"s:721:18:721:23":513,"s:722:10:722:55":514,"b:723:4:723:Infinity:undefined:undefined:undefined:undefined":173,"s:723:4:723:Infinity":515,"s:723:25:723:65":516,"s:723:65:723:Infinity":517,"s:724:22:724:53":518,"s:725:4:725:Infinity":519,"s:726:4:732:Infinity":520,"f:735:2:735:19":26,"s:736:18:736:23":521,"s:737:22:737:53":522,"b:738:4:747:Infinity:undefined:undefined:undefined:undefined":174,"s:738:4:747:Infinity":523,"b:738:8:738:22:738:22:738:48":175,"s:739:6:739:Infinity":524,"s:740:6:747:Infinity":525,"f:751:2:751:29":27,"s:752:18:752:23":526,"s:753:22:753:53":527,"b:754:4:763:Infinity:undefined:undefined:undefined:undefined":176,"s:754:4:763:Infinity":528,"b:754:8:754:22:754:22:754:48":177,"s:755:6:755:Infinity":529,"s:756:6:763:Infinity":530,"f:767:2:767:16":28,"s:768:22:768:Infinity":531,"b:768:46:768:68:768:68:768:Infinity":178,"s:769:4:774:Infinity":532,"f:777:2:777:14":29,"s:778:4:778:Infinity":533,"f:781:2:781:25":30,"s:782:4:782:Infinity":534,"f:785:2:785:15":31,"s:786:18:786:23":535,"s:787:17:787:Infinity":536,"b:787:17:787:38:787:38:787:Infinity":179,"s:788:4:788:Infinity":537,"f:791:2:791:21":32,"s:792:18:792:23":538,"s:793:17:793:Infinity":539,"b:793:17:793:38:793:38:793:Infinity":180,"s:794:4:794:Infinity":540,"f:797:2:797:15":33,"s:798:18:798:23":541,"s:799:17:799:Infinity":542,"b:799:17:799:38:799:38:799:Infinity":181,"s:800:4:800:Infinity":543,"f:803:2:803:15":34,"s:804:18:804:23":544,"s:805:17:805:Infinity":545,"b:805:17:805:38:805:38:805:Infinity":182,"s:806:4:806:Infinity":546,"f:809:2:809:21":35,"s:810:18:810:23":547,"s:811:17:811:Infinity":548,"b:811:17:811:38:811:38:811:Infinity":183,"s:812:4:812:Infinity":549,"f:816:2:816:18":36,"s:817:21:817:47":550,"b:818:4:818:Infinity:undefined:undefined:undefined:undefined":184,"s:818:4:818:Infinity":551,"s:818:21:818:Infinity":552,"s:819:22:819:Infinity":553,"b:821:4:821:Infinity:undefined:undefined:undefined:undefined":185,"s:821:4:821:Infinity":554,"s:821:24:821:Infinity":555,"s:824:46:849:Infinity":556,"s:850:19:850:Infinity":557,"b:850:19:850:46:850:46:850:65:850:65:850:Infinity":186,"s:852:4:867:Infinity":558,"b:857:25:857:54:857:54:857:Infinity":187,"f:870:2:870:25":37,"s:871:18:871:23":559,"s:872:65:872:Infinity":560,"s:873:21:873:Infinity":561,"b:873:40:873:70:873:73:873:Infinity":188,"b:874:4:874:Infinity:undefined:undefined:undefined:undefined":189,"s:874:4:874:Infinity":562,"s:874:19:874:Infinity":563,"s:876:24:876:Infinity":564,"s:877:22:877:Infinity":565,"b:878:4:899:Infinity:undefined:undefined:undefined:undefined":190,"s:878:4:899:Infinity":566,"s:879:22:879:Infinity":567,"b:879:48:879:87:879:87:879:Infinity":191,"s:880:22:885:Infinity":568,"s:886:6:890:Infinity":569,"s:887:24:887:88":570,"b:887:35:887:79:887:83:887:88":192,"s:888:8:888:Infinity":571,"s:889:8:889:Infinity":572,"s:891:6:898:Infinity":573,"s:899:6:899:Infinity":574,"s:902:21:902:Infinity":575,"s:903:4:908:Infinity":576,"b:905:25:905:52:905:52:905:Infinity":193,"s:910:28:910:Infinity":577,"s:911:25:911:Infinity":578,"s:918:31:919:Infinity":579,"b:920:4:923:Infinity:undefined:undefined:undefined:undefined":194,"s:920:4:923:Infinity":580,"b:920:8:920:61:921:11:921:Infinity:922:11:922:41":195,"s:923:6:923:Infinity":581,"f:927:2:927:22":38,"s:928:4:938:Infinity":582,"f:941:2:941:32":39,"s:942:68:942:73":583,"b:943:4:943:Infinity:undefined:undefined:undefined:undefined":196,"s:943:4:943:Infinity":584,"b:943:8:943:27:943:27:943:46":197,"s:943:46:943:Infinity":585,"s:944:21:944:51":586,"b:945:4:945:Infinity:undefined:undefined:undefined:undefined":198,"s:945:4:945:Infinity":587,"s:945:19:945:Infinity":588,"s:946:4:946:Infinity":589,"b:946:11:946:48:946:48:946:Infinity":199,"f:949:2:949:29":40,"s:950:18:950:23":590,"s:951:22:951:Infinity":591,"s:952:4:956:Infinity":592,"b:955:20:955:42:955:42:955:Infinity":200,"f:959:2:959:26":41,"s:960:18:960:23":593,"b:961:4:961:Infinity:undefined:undefined:undefined:undefined":201,"s:961:4:961:Infinity":594,"s:961:31:961:Infinity":595,"s:962:4:962:Infinity":596,"f:965:2:965:27":42,"s:965:27:965:Infinity":597}}}
}
